{"/home/leonardo/trademaster/node-ts-express-knex/src/common/HttpError.ts": {"path":"/home/leonardo/trademaster/node-ts-express-knex/src/common/HttpError.ts","statementMap":{"0":{"start":{"line":1,"column":0},"end":{"line":1,"column":17}},"1":{"start":{"line":2,"column":0},"end":{"line":2,"column":34}},"2":{"start":{"line":3,"column":0},"end":{"line":3,"column":0}},"3":{"start":{"line":4,"column":0},"end":{"line":4,"column":37}},"4":{"start":{"line":5,"column":0},"end":{"line":5,"column":0}},"5":{"start":{"line":6,"column":0},"end":{"line":6,"column":50}},"6":{"start":{"line":7,"column":0},"end":{"line":7,"column":27}},"7":{"start":{"line":8,"column":0},"end":{"line":8,"column":33}},"8":{"start":{"line":9,"column":0},"end":{"line":9,"column":3}},"9":{"start":{"line":10,"column":0},"end":{"line":10,"column":1}},"10":{"start":{"line":11,"column":0},"end":{"line":11,"column":0}},"11":{"start":{"line":12,"column":0},"end":{"line":12,"column":25}}},"s":{"0":2,"1":2,"2":2,"3":2,"4":2,"5":2,"6":2,"7":2,"8":2,"9":2,"10":1,"11":1},"branchMap":{"0":{"type":"branch","line":12,"loc":{"start":{"line":12,"column":25},"end":{"line":12,"column":25}},"locations":[{"start":{"line":12,"column":25},"end":{"line":12,"column":25}}]},"1":{"type":"branch","line":1,"loc":{"start":{"line":1,"column":0},"end":{"line":10,"column":1}},"locations":[{"start":{"line":1,"column":0},"end":{"line":10,"column":1}}]},"2":{"type":"branch","line":6,"loc":{"start":{"line":6,"column":2},"end":{"line":9,"column":3}},"locations":[{"start":{"line":6,"column":2},"end":{"line":9,"column":3}}]},"3":{"type":"branch","line":6,"loc":{"start":{"line":6,"column":31},"end":{"line":6,"column":50}},"locations":[{"start":{"line":6,"column":31},"end":{"line":6,"column":50}}]}},"b":{"0":[2],"1":[2],"2":[2],"3":[1]},"fnMap":{"0":{"name":"HttpError","decl":{"start":{"line":6,"column":2},"end":{"line":9,"column":3}},"loc":{"start":{"line":6,"column":2},"end":{"line":9,"column":3}},"line":6}},"f":{"0":2}}
,"/home/leonardo/trademaster/node-ts-express-knex/src/database/index.ts": {"path":"/home/leonardo/trademaster/node-ts-express-knex/src/database/index.ts","statementMap":{"0":{"start":{"line":1,"column":0},"end":{"line":1,"column":24}},"1":{"start":{"line":2,"column":0},"end":{"line":2,"column":0}},"2":{"start":{"line":3,"column":0},"end":{"line":3,"column":16}},"3":{"start":{"line":4,"column":0},"end":{"line":4,"column":27}},"4":{"start":{"line":5,"column":0},"end":{"line":5,"column":0}},"5":{"start":{"line":6,"column":0},"end":{"line":6,"column":17}},"6":{"start":{"line":7,"column":0},"end":{"line":7,"column":26}},"7":{"start":{"line":8,"column":0},"end":{"line":8,"column":19}},"8":{"start":{"line":9,"column":0},"end":{"line":9,"column":19}},"9":{"start":{"line":10,"column":0},"end":{"line":10,"column":26}},"10":{"start":{"line":11,"column":0},"end":{"line":11,"column":21}},"11":{"start":{"line":12,"column":0},"end":{"line":12,"column":29}},"12":{"start":{"line":13,"column":0},"end":{"line":13,"column":29}},"13":{"start":{"line":14,"column":0},"end":{"line":14,"column":8}},"14":{"start":{"line":15,"column":0},"end":{"line":15,"column":7}},"15":{"start":{"line":16,"column":0},"end":{"line":16,"column":3}},"16":{"start":{"line":17,"column":0},"end":{"line":17,"column":1}},"17":{"start":{"line":18,"column":0},"end":{"line":18,"column":0}},"18":{"start":{"line":19,"column":0},"end":{"line":19,"column":24}}},"s":{"0":1,"1":1,"2":2,"3":2,"4":2,"5":2,"6":3,"7":3,"8":3,"9":3,"10":3,"11":3,"12":3,"13":3,"14":3,"15":3,"16":2,"17":1,"18":1},"branchMap":{"0":{"type":"branch","line":19,"loc":{"start":{"line":19,"column":24},"end":{"line":19,"column":24}},"locations":[{"start":{"line":19,"column":24},"end":{"line":19,"column":24}}]},"1":{"type":"branch","line":19,"loc":{"start":{"line":19,"column":24},"end":{"line":19,"column":24}},"locations":[{"start":{"line":19,"column":24},"end":{"line":19,"column":24}}]},"2":{"type":"branch","line":19,"loc":{"start":{"line":19,"column":24},"end":{"line":19,"column":24}},"locations":[{"start":{"line":19,"column":24},"end":{"line":19,"column":24}}]},"3":{"type":"branch","line":3,"loc":{"start":{"line":3,"column":0},"end":{"line":17,"column":1}},"locations":[{"start":{"line":3,"column":0},"end":{"line":17,"column":1}}]},"4":{"type":"branch","line":6,"loc":{"start":{"line":6,"column":2},"end":{"line":16,"column":3}},"locations":[{"start":{"line":6,"column":2},"end":{"line":16,"column":3}}]}},"b":{"0":[2],"1":[2],"2":[0],"3":[2],"4":[3]},"fnMap":{"0":{"name":"__importDefault","decl":{"start":{"line":19,"column":24},"end":{"line":19,"column":24}},"loc":{"start":{"line":19,"column":24},"end":{"line":19,"column":24}},"line":19},"1":{"name":"Database","decl":{"start":{"line":6,"column":2},"end":{"line":16,"column":3}},"loc":{"start":{"line":6,"column":2},"end":{"line":16,"column":3}},"line":6}},"f":{"0":2,"1":3}}
,"/home/leonardo/trademaster/node-ts-express-knex/src/repositories/Customer.ts": {"path":"/home/leonardo/trademaster/node-ts-express-knex/src/repositories/Customer.ts","statementMap":{"0":{"start":{"line":1,"column":0},"end":{"line":1,"column":35}},"1":{"start":{"line":2,"column":0},"end":{"line":2,"column":34}},"2":{"start":{"line":3,"column":0},"end":{"line":3,"column":0}},"3":{"start":{"line":4,"column":0},"end":{"line":4,"column":33}},"4":{"start":{"line":5,"column":0},"end":{"line":5,"column":40}},"5":{"start":{"line":6,"column":0},"end":{"line":6,"column":0}},"6":{"start":{"line":7,"column":0},"end":{"line":7,"column":24}},"7":{"start":{"line":8,"column":0},"end":{"line":8,"column":0}},"8":{"start":{"line":9,"column":0},"end":{"line":9,"column":36}},"9":{"start":{"line":10,"column":0},"end":{"line":10,"column":12}},"10":{"start":{"line":11,"column":0},"end":{"line":11,"column":27}},"11":{"start":{"line":12,"column":0},"end":{"line":12,"column":20}},"12":{"start":{"line":13,"column":0},"end":{"line":13,"column":3}},"13":{"start":{"line":14,"column":0},"end":{"line":14,"column":0}},"14":{"start":{"line":15,"column":0},"end":{"line":15,"column":60}},"15":{"start":{"line":16,"column":0},"end":{"line":16,"column":18}},"16":{"start":{"line":17,"column":0},"end":{"line":17,"column":81}},"17":{"start":{"line":18,"column":0},"end":{"line":18,"column":6}},"18":{"start":{"line":19,"column":0},"end":{"line":19,"column":0}},"19":{"start":{"line":20,"column":0},"end":{"line":20,"column":57}},"20":{"start":{"line":21,"column":0},"end":{"line":21,"column":16}},"21":{"start":{"line":22,"column":0},"end":{"line":22,"column":3}},"22":{"start":{"line":23,"column":0},"end":{"line":23,"column":0}},"23":{"start":{"line":24,"column":0},"end":{"line":24,"column":47}},"24":{"start":{"line":25,"column":0},"end":{"line":25,"column":42}},"25":{"start":{"line":26,"column":0},"end":{"line":26,"column":0}},"26":{"start":{"line":27,"column":0},"end":{"line":27,"column":57}},"27":{"start":{"line":28,"column":0},"end":{"line":28,"column":25}},"28":{"start":{"line":29,"column":0},"end":{"line":29,"column":3}},"29":{"start":{"line":30,"column":0},"end":{"line":30,"column":0}},"30":{"start":{"line":31,"column":0},"end":{"line":31,"column":69}},"31":{"start":{"line":32,"column":0},"end":{"line":32,"column":67}},"32":{"start":{"line":33,"column":0},"end":{"line":33,"column":0}},"33":{"start":{"line":34,"column":0},"end":{"line":34,"column":57}},"34":{"start":{"line":35,"column":0},"end":{"line":35,"column":28}},"35":{"start":{"line":36,"column":0},"end":{"line":36,"column":3}},"36":{"start":{"line":37,"column":0},"end":{"line":37,"column":1}},"37":{"start":{"line":38,"column":0},"end":{"line":38,"column":0}},"38":{"start":{"line":39,"column":0},"end":{"line":39,"column":24}}},"s":{"0":1,"1":1,"2":1,"3":2,"4":2,"5":2,"6":2,"7":2,"8":2,"9":3,"10":3,"11":3,"12":3,"13":2,"14":2,"15":1,"16":1,"17":1,"18":1,"19":1,"20":1,"21":1,"22":2,"23":2,"24":1,"25":1,"26":1,"27":1,"28":1,"29":2,"30":2,"31":2,"32":2,"33":2,"34":2,"35":2,"36":2,"37":1,"38":1},"branchMap":{"0":{"type":"branch","line":39,"loc":{"start":{"line":39,"column":24},"end":{"line":39,"column":24}},"locations":[{"start":{"line":39,"column":24},"end":{"line":39,"column":24}}]},"1":{"type":"branch","line":39,"loc":{"start":{"line":39,"column":24},"end":{"line":39,"column":24}},"locations":[{"start":{"line":39,"column":24},"end":{"line":39,"column":24}}]},"2":{"type":"branch","line":39,"loc":{"start":{"line":39,"column":24},"end":{"line":39,"column":24}},"locations":[{"start":{"line":39,"column":24},"end":{"line":39,"column":24}}]},"3":{"type":"branch","line":39,"loc":{"start":{"line":39,"column":24},"end":{"line":39,"column":24}},"locations":[{"start":{"line":39,"column":24},"end":{"line":39,"column":24}}]},"4":{"type":"branch","line":39,"loc":{"start":{"line":39,"column":24},"end":{"line":39,"column":24}},"locations":[{"start":{"line":39,"column":24},"end":{"line":39,"column":24}}]},"5":{"type":"branch","line":39,"loc":{"start":{"line":39,"column":24},"end":{"line":39,"column":24}},"locations":[{"start":{"line":39,"column":24},"end":{"line":39,"column":24}}]},"6":{"type":"branch","line":39,"loc":{"start":{"line":39,"column":24},"end":{"line":39,"column":24}},"locations":[{"start":{"line":39,"column":24},"end":{"line":39,"column":24}}]},"7":{"type":"branch","line":39,"loc":{"start":{"line":39,"column":24},"end":{"line":39,"column":24}},"locations":[{"start":{"line":39,"column":24},"end":{"line":39,"column":24}}]},"8":{"type":"branch","line":39,"loc":{"start":{"line":39,"column":24},"end":{"line":39,"column":24}},"locations":[{"start":{"line":39,"column":24},"end":{"line":39,"column":24}}]},"9":{"type":"branch","line":39,"loc":{"start":{"line":39,"column":24},"end":{"line":39,"column":24}},"locations":[{"start":{"line":39,"column":24},"end":{"line":39,"column":24}}]},"10":{"type":"branch","line":39,"loc":{"start":{"line":39,"column":24},"end":{"line":39,"column":24}},"locations":[{"start":{"line":39,"column":24},"end":{"line":39,"column":24}}]},"11":{"type":"branch","line":39,"loc":{"start":{"line":39,"column":24},"end":{"line":39,"column":24}},"locations":[{"start":{"line":39,"column":24},"end":{"line":39,"column":24}}]},"12":{"type":"branch","line":39,"loc":{"start":{"line":39,"column":24},"end":{"line":39,"column":24}},"locations":[{"start":{"line":39,"column":24},"end":{"line":39,"column":24}}]},"13":{"type":"branch","line":39,"loc":{"start":{"line":39,"column":24},"end":{"line":39,"column":24}},"locations":[{"start":{"line":39,"column":24},"end":{"line":39,"column":24}}]},"14":{"type":"branch","line":39,"loc":{"start":{"line":39,"column":24},"end":{"line":39,"column":24}},"locations":[{"start":{"line":39,"column":24},"end":{"line":39,"column":24}}]},"15":{"type":"branch","line":39,"loc":{"start":{"line":39,"column":24},"end":{"line":39,"column":24}},"locations":[{"start":{"line":39,"column":24},"end":{"line":39,"column":24}}]},"16":{"type":"branch","line":39,"loc":{"start":{"line":39,"column":24},"end":{"line":39,"column":24}},"locations":[{"start":{"line":39,"column":24},"end":{"line":39,"column":24}}]},"17":{"type":"branch","line":39,"loc":{"start":{"line":39,"column":24},"end":{"line":39,"column":24}},"locations":[{"start":{"line":39,"column":24},"end":{"line":39,"column":24}}]},"18":{"type":"branch","line":39,"loc":{"start":{"line":39,"column":24},"end":{"line":39,"column":24}},"locations":[{"start":{"line":39,"column":24},"end":{"line":39,"column":24}}]},"19":{"type":"branch","line":39,"loc":{"start":{"line":39,"column":24},"end":{"line":39,"column":24}},"locations":[{"start":{"line":39,"column":24},"end":{"line":39,"column":24}}]},"20":{"type":"branch","line":39,"loc":{"start":{"line":39,"column":24},"end":{"line":39,"column":24}},"locations":[{"start":{"line":39,"column":24},"end":{"line":39,"column":24}}]},"21":{"type":"branch","line":39,"loc":{"start":{"line":39,"column":24},"end":{"line":39,"column":24}},"locations":[{"start":{"line":39,"column":24},"end":{"line":39,"column":24}}]},"22":{"type":"branch","line":39,"loc":{"start":{"line":39,"column":24},"end":{"line":39,"column":24}},"locations":[{"start":{"line":39,"column":24},"end":{"line":39,"column":24}}]},"23":{"type":"branch","line":39,"loc":{"start":{"line":39,"column":24},"end":{"line":39,"column":24}},"locations":[{"start":{"line":39,"column":24},"end":{"line":39,"column":24}}]},"24":{"type":"branch","line":39,"loc":{"start":{"line":39,"column":24},"end":{"line":39,"column":24}},"locations":[{"start":{"line":39,"column":24},"end":{"line":39,"column":24}}]},"25":{"type":"branch","line":39,"loc":{"start":{"line":39,"column":24},"end":{"line":39,"column":24}},"locations":[{"start":{"line":39,"column":24},"end":{"line":39,"column":24}}]},"26":{"type":"branch","line":39,"loc":{"start":{"line":39,"column":24},"end":{"line":39,"column":24}},"locations":[{"start":{"line":39,"column":24},"end":{"line":39,"column":24}}]},"27":{"type":"branch","line":39,"loc":{"start":{"line":39,"column":24},"end":{"line":39,"column":24}},"locations":[{"start":{"line":39,"column":24},"end":{"line":39,"column":24}}]},"28":{"type":"branch","line":39,"loc":{"start":{"line":39,"column":24},"end":{"line":39,"column":24}},"locations":[{"start":{"line":39,"column":24},"end":{"line":39,"column":24}}]},"29":{"type":"branch","line":39,"loc":{"start":{"line":39,"column":24},"end":{"line":39,"column":24}},"locations":[{"start":{"line":39,"column":24},"end":{"line":39,"column":24}}]},"30":{"type":"branch","line":39,"loc":{"start":{"line":39,"column":24},"end":{"line":39,"column":24}},"locations":[{"start":{"line":39,"column":24},"end":{"line":39,"column":24}}]},"31":{"type":"branch","line":39,"loc":{"start":{"line":39,"column":24},"end":{"line":39,"column":24}},"locations":[{"start":{"line":39,"column":24},"end":{"line":39,"column":24}}]},"32":{"type":"branch","line":39,"loc":{"start":{"line":39,"column":24},"end":{"line":39,"column":24}},"locations":[{"start":{"line":39,"column":24},"end":{"line":39,"column":24}}]},"33":{"type":"branch","line":39,"loc":{"start":{"line":39,"column":24},"end":{"line":39,"column":24}},"locations":[{"start":{"line":39,"column":24},"end":{"line":39,"column":24}}]},"34":{"type":"branch","line":39,"loc":{"start":{"line":39,"column":24},"end":{"line":39,"column":24}},"locations":[{"start":{"line":39,"column":24},"end":{"line":39,"column":24}}]},"35":{"type":"branch","line":39,"loc":{"start":{"line":39,"column":24},"end":{"line":39,"column":24}},"locations":[{"start":{"line":39,"column":24},"end":{"line":39,"column":24}}]},"36":{"type":"branch","line":39,"loc":{"start":{"line":39,"column":24},"end":{"line":39,"column":24}},"locations":[{"start":{"line":39,"column":24},"end":{"line":39,"column":24}}]},"37":{"type":"branch","line":39,"loc":{"start":{"line":39,"column":24},"end":{"line":39,"column":24}},"locations":[{"start":{"line":39,"column":24},"end":{"line":39,"column":24}}]},"38":{"type":"branch","line":39,"loc":{"start":{"line":39,"column":24},"end":{"line":39,"column":24}},"locations":[{"start":{"line":39,"column":24},"end":{"line":39,"column":24}}]},"39":{"type":"branch","line":39,"loc":{"start":{"line":39,"column":24},"end":{"line":39,"column":24}},"locations":[{"start":{"line":39,"column":24},"end":{"line":39,"column":24}}]},"40":{"type":"branch","line":39,"loc":{"start":{"line":39,"column":24},"end":{"line":39,"column":24}},"locations":[{"start":{"line":39,"column":24},"end":{"line":39,"column":24}}]},"41":{"type":"branch","line":39,"loc":{"start":{"line":39,"column":24},"end":{"line":39,"column":24}},"locations":[{"start":{"line":39,"column":24},"end":{"line":39,"column":24}}]},"42":{"type":"branch","line":39,"loc":{"start":{"line":39,"column":24},"end":{"line":39,"column":24}},"locations":[{"start":{"line":39,"column":24},"end":{"line":39,"column":24}}]},"43":{"type":"branch","line":39,"loc":{"start":{"line":39,"column":24},"end":{"line":39,"column":24}},"locations":[{"start":{"line":39,"column":24},"end":{"line":39,"column":24}}]},"44":{"type":"branch","line":39,"loc":{"start":{"line":39,"column":24},"end":{"line":39,"column":24}},"locations":[{"start":{"line":39,"column":24},"end":{"line":39,"column":24}}]},"45":{"type":"branch","line":39,"loc":{"start":{"line":39,"column":24},"end":{"line":39,"column":24}},"locations":[{"start":{"line":39,"column":24},"end":{"line":39,"column":24}}]},"46":{"type":"branch","line":39,"loc":{"start":{"line":39,"column":24},"end":{"line":39,"column":24}},"locations":[{"start":{"line":39,"column":24},"end":{"line":39,"column":24}}]},"47":{"type":"branch","line":39,"loc":{"start":{"line":39,"column":24},"end":{"line":39,"column":24}},"locations":[{"start":{"line":39,"column":24},"end":{"line":39,"column":24}}]},"48":{"type":"branch","line":39,"loc":{"start":{"line":39,"column":24},"end":{"line":39,"column":24}},"locations":[{"start":{"line":39,"column":24},"end":{"line":39,"column":24}}]},"49":{"type":"branch","line":39,"loc":{"start":{"line":39,"column":24},"end":{"line":39,"column":24}},"locations":[{"start":{"line":39,"column":24},"end":{"line":39,"column":24}}]},"50":{"type":"branch","line":4,"loc":{"start":{"line":4,"column":0},"end":{"line":37,"column":1}},"locations":[{"start":{"line":4,"column":0},"end":{"line":37,"column":1}}]},"51":{"type":"branch","line":9,"loc":{"start":{"line":9,"column":2},"end":{"line":13,"column":3}},"locations":[{"start":{"line":9,"column":2},"end":{"line":13,"column":3}}]},"52":{"type":"branch","line":15,"loc":{"start":{"line":15,"column":2},"end":{"line":22,"column":3}},"locations":[{"start":{"line":15,"column":2},"end":{"line":22,"column":3}}]},"53":{"type":"branch","line":39,"loc":{"start":{"line":39,"column":24},"end":{"line":39,"column":24}},"locations":[{"start":{"line":39,"column":24},"end":{"line":39,"column":24}}]},"54":{"type":"branch","line":39,"loc":{"start":{"line":39,"column":24},"end":{"line":39,"column":24}},"locations":[{"start":{"line":39,"column":24},"end":{"line":39,"column":24}}]},"55":{"type":"branch","line":39,"loc":{"start":{"line":39,"column":24},"end":{"line":39,"column":24}},"locations":[{"start":{"line":39,"column":24},"end":{"line":39,"column":24}}]},"56":{"type":"branch","line":39,"loc":{"start":{"line":39,"column":24},"end":{"line":39,"column":24}},"locations":[{"start":{"line":39,"column":24},"end":{"line":39,"column":24}}]},"57":{"type":"branch","line":24,"loc":{"start":{"line":24,"column":2},"end":{"line":29,"column":3}},"locations":[{"start":{"line":24,"column":2},"end":{"line":29,"column":3}}]},"58":{"type":"branch","line":39,"loc":{"start":{"line":39,"column":24},"end":{"line":39,"column":24}},"locations":[{"start":{"line":39,"column":24},"end":{"line":39,"column":24}}]},"59":{"type":"branch","line":39,"loc":{"start":{"line":39,"column":24},"end":{"line":39,"column":24}},"locations":[{"start":{"line":39,"column":24},"end":{"line":39,"column":24}}]},"60":{"type":"branch","line":39,"loc":{"start":{"line":39,"column":24},"end":{"line":39,"column":24}},"locations":[{"start":{"line":39,"column":24},"end":{"line":39,"column":24}}]},"61":{"type":"branch","line":39,"loc":{"start":{"line":39,"column":24},"end":{"line":39,"column":24}},"locations":[{"start":{"line":39,"column":24},"end":{"line":39,"column":24}}]},"62":{"type":"branch","line":31,"loc":{"start":{"line":31,"column":2},"end":{"line":36,"column":3}},"locations":[{"start":{"line":31,"column":2},"end":{"line":36,"column":3}}]},"63":{"type":"branch","line":39,"loc":{"start":{"line":39,"column":24},"end":{"line":39,"column":24}},"locations":[{"start":{"line":39,"column":24},"end":{"line":39,"column":24}}]},"64":{"type":"branch","line":39,"loc":{"start":{"line":39,"column":24},"end":{"line":39,"column":24}},"locations":[{"start":{"line":39,"column":24},"end":{"line":39,"column":24}}]},"65":{"type":"branch","line":39,"loc":{"start":{"line":39,"column":24},"end":{"line":39,"column":24}},"locations":[{"start":{"line":39,"column":24},"end":{"line":39,"column":24}}]},"66":{"type":"branch","line":39,"loc":{"start":{"line":39,"column":24},"end":{"line":39,"column":24}},"locations":[{"start":{"line":39,"column":24},"end":{"line":39,"column":24}}]}},"b":{"0":[2],"1":[2],"2":[2],"3":[0],"4":[0],"5":[2],"6":[0],"7":[2],"8":[4],"9":[4],"10":[0],"11":[4],"12":[4],"13":[4],"14":[0],"15":[8],"16":[4],"17":[4],"18":[4],"19":[4],"20":[0],"21":[12],"22":[8],"23":[8],"24":[0],"25":[16],"26":[0],"27":[0],"28":[0],"29":[0],"30":[8],"31":[8],"32":[4],"33":[0],"34":[0],"35":[4],"36":[0],"37":[0],"38":[0],"39":[0],"40":[0],"41":[8],"42":[0],"43":[8],"44":[4],"45":[0],"46":[4],"47":[0],"48":[2],"49":[0],"50":[2],"51":[3],"52":[1],"53":[1],"54":[2],"55":[1],"56":[1],"57":[1],"58":[1],"59":[2],"60":[1],"61":[1],"62":[2],"63":[2],"64":[4],"65":[2],"66":[2]},"fnMap":{"0":{"name":"extendStatics","decl":{"start":{"line":39,"column":24},"end":{"line":39,"column":24}},"loc":{"start":{"line":39,"column":24},"end":{"line":39,"column":24}},"line":39},"1":{"name":"extendStatics","decl":{"start":{"line":39,"column":24},"end":{"line":39,"column":24}},"loc":{"start":{"line":39,"column":24},"end":{"line":39,"column":24}},"line":39},"2":{"name":"extendStatics","decl":{"start":{"line":39,"column":24},"end":{"line":39,"column":24}},"loc":{"start":{"line":39,"column":24},"end":{"line":39,"column":24}},"line":39},"3":{"name":"__extends","decl":{"start":{"line":39,"column":24},"end":{"line":39,"column":24}},"loc":{"start":{"line":39,"column":24},"end":{"line":39,"column":24}},"line":39},"4":{"name":"__","decl":{"start":{"line":39,"column":24},"end":{"line":39,"column":24}},"loc":{"start":{"line":39,"column":24},"end":{"line":39,"column":24}},"line":39},"5":{"name":"__awaiter","decl":{"start":{"line":39,"column":24},"end":{"line":39,"column":24}},"loc":{"start":{"line":39,"column":24},"end":{"line":39,"column":24}},"line":39},"6":{"name":"adopt","decl":{"start":{"line":39,"column":24},"end":{"line":39,"column":24}},"loc":{"start":{"line":39,"column":24},"end":{"line":39,"column":24}},"line":39},"7":{"name":"fulfilled","decl":{"start":{"line":39,"column":24},"end":{"line":39,"column":24}},"loc":{"start":{"line":39,"column":24},"end":{"line":39,"column":24}},"line":39},"8":{"name":"rejected","decl":{"start":{"line":39,"column":24},"end":{"line":39,"column":24}},"loc":{"start":{"line":39,"column":24},"end":{"line":39,"column":24}},"line":39},"9":{"name":"step","decl":{"start":{"line":39,"column":24},"end":{"line":39,"column":24}},"loc":{"start":{"line":39,"column":24},"end":{"line":39,"column":24}},"line":39},"10":{"name":"__generator","decl":{"start":{"line":39,"column":24},"end":{"line":39,"column":24}},"loc":{"start":{"line":39,"column":24},"end":{"line":39,"column":24}},"line":39},"11":{"name":"sent","decl":{"start":{"line":39,"column":24},"end":{"line":39,"column":24}},"loc":{"start":{"line":39,"column":24},"end":{"line":39,"column":24}},"line":39},"12":{"name":"g.<computed>","decl":{"start":{"line":39,"column":24},"end":{"line":39,"column":24}},"loc":{"start":{"line":39,"column":24},"end":{"line":39,"column":24}},"line":39},"13":{"name":"verb","decl":{"start":{"line":39,"column":24},"end":{"line":39,"column":24}},"loc":{"start":{"line":39,"column":24},"end":{"line":39,"column":24}},"line":39},"14":{"name":"step","decl":{"start":{"line":39,"column":24},"end":{"line":39,"column":24}},"loc":{"start":{"line":39,"column":24},"end":{"line":39,"column":24}},"line":39},"15":{"name":"__importDefault","decl":{"start":{"line":39,"column":24},"end":{"line":39,"column":24}},"loc":{"start":{"line":39,"column":24},"end":{"line":39,"column":24}},"line":39},"16":{"name":"Customer","decl":{"start":{"line":9,"column":2},"end":{"line":13,"column":3}},"loc":{"start":{"line":9,"column":2},"end":{"line":13,"column":3}},"line":9},"17":{"name":"Customer.create","decl":{"start":{"line":15,"column":2},"end":{"line":22,"column":3}},"loc":{"start":{"line":15,"column":2},"end":{"line":22,"column":3}},"line":15},"18":{"name":"Customer.getAll","decl":{"start":{"line":24,"column":2},"end":{"line":29,"column":3}},"loc":{"start":{"line":24,"column":2},"end":{"line":29,"column":3}},"line":24},"19":{"name":"Customer.getByEmail","decl":{"start":{"line":31,"column":2},"end":{"line":36,"column":3}},"loc":{"start":{"line":31,"column":2},"end":{"line":36,"column":3}},"line":31}},"f":{"0":2,"1":0,"2":0,"3":2,"4":2,"5":4,"6":4,"7":4,"8":0,"9":8,"10":4,"11":4,"12":0,"13":12,"14":8,"15":2,"16":3,"17":1,"18":1,"19":2}}
,"/home/leonardo/trademaster/node-ts-express-knex/src/server/errorHandler.ts": {"path":"/home/leonardo/trademaster/node-ts-express-knex/src/server/errorHandler.ts","statementMap":{"0":{"start":{"line":1,"column":0},"end":{"line":1,"column":58}},"1":{"start":{"line":2,"column":0},"end":{"line":2,"column":43}},"2":{"start":{"line":3,"column":0},"end":{"line":3,"column":0}},"3":{"start":{"line":4,"column":0},"end":{"line":4,"column":91}},"4":{"start":{"line":5,"column":0},"end":{"line":5,"column":33}},"5":{"start":{"line":6,"column":0},"end":{"line":6,"column":44}},"6":{"start":{"line":7,"column":0},"end":{"line":7,"column":22}},"7":{"start":{"line":8,"column":0},"end":{"line":8,"column":26}},"8":{"start":{"line":9,"column":0},"end":{"line":9,"column":7}},"9":{"start":{"line":10,"column":0},"end":{"line":10,"column":3}},"10":{"start":{"line":11,"column":0},"end":{"line":11,"column":0}},"11":{"start":{"line":12,"column":0},"end":{"line":12,"column":19}},"12":{"start":{"line":13,"column":0},"end":{"line":13,"column":0}},"13":{"start":{"line":14,"column":0},"end":{"line":14,"column":31}},"14":{"start":{"line":15,"column":0},"end":{"line":15,"column":20}},"15":{"start":{"line":16,"column":0},"end":{"line":16,"column":36}},"16":{"start":{"line":17,"column":0},"end":{"line":17,"column":5}},"17":{"start":{"line":18,"column":0},"end":{"line":18,"column":0}},"18":{"start":{"line":19,"column":0},"end":{"line":19,"column":1}}},"s":{"0":1,"1":1,"2":1,"3":1,"4":2,"5":2,"6":2,"7":2,"8":2,"9":2,"10":0,"11":0,"12":0,"13":0,"14":0,"15":0,"16":0,"17":0,"18":0},"branchMap":{"0":{"type":"branch","line":19,"loc":{"start":{"line":19,"column":1},"end":{"line":19,"column":1}},"locations":[{"start":{"line":19,"column":1},"end":{"line":19,"column":1}}]},"1":{"type":"branch","line":19,"loc":{"start":{"line":19,"column":1},"end":{"line":19,"column":1}},"locations":[{"start":{"line":19,"column":1},"end":{"line":19,"column":1}}]},"2":{"type":"branch","line":19,"loc":{"start":{"line":19,"column":1},"end":{"line":19,"column":1}},"locations":[{"start":{"line":19,"column":1},"end":{"line":19,"column":1}}]},"3":{"type":"branch","line":4,"loc":{"start":{"line":4,"column":15},"end":{"line":19,"column":1}},"locations":[{"start":{"line":4,"column":15},"end":{"line":19,"column":1}}]},"4":{"type":"branch","line":10,"loc":{"start":{"line":10,"column":3},"end":{"line":19,"column":1}},"locations":[{"start":{"line":10,"column":3},"end":{"line":19,"column":1}}]}},"b":{"0":[2],"1":[2],"2":[0],"3":[2],"4":[0]},"fnMap":{"0":{"name":"__importDefault","decl":{"start":{"line":19,"column":1},"end":{"line":19,"column":1}},"loc":{"start":{"line":19,"column":1},"end":{"line":19,"column":1}},"line":19}},"f":{"0":2}}
,"/home/leonardo/trademaster/node-ts-express-knex/src/server/handlers.ts": {"path":"/home/leonardo/trademaster/node-ts-express-knex/src/server/handlers.ts","statementMap":{"0":{"start":{"line":1,"column":0},"end":{"line":1,"column":44}},"1":{"start":{"line":2,"column":0},"end":{"line":2,"column":40}},"2":{"start":{"line":3,"column":0},"end":{"line":3,"column":40}},"3":{"start":{"line":4,"column":0},"end":{"line":4,"column":0}},"4":{"start":{"line":5,"column":0},"end":{"line":5,"column":76}},"5":{"start":{"line":6,"column":0},"end":{"line":6,"column":34}},"6":{"start":{"line":7,"column":0},"end":{"line":7,"column":33}},"7":{"start":{"line":8,"column":0},"end":{"line":8,"column":2}},"8":{"start":{"line":9,"column":0},"end":{"line":9,"column":0}},"9":{"start":{"line":10,"column":0},"end":{"line":10,"column":78}},"10":{"start":{"line":11,"column":0},"end":{"line":11,"column":42}},"11":{"start":{"line":12,"column":0},"end":{"line":12,"column":33}},"12":{"start":{"line":13,"column":0},"end":{"line":13,"column":2}},"13":{"start":{"line":14,"column":0},"end":{"line":14,"column":0}},"14":{"start":{"line":15,"column":0},"end":{"line":15,"column":40}}},"s":{"0":1,"1":1,"2":1,"3":1,"4":1,"5":1,"6":1,"7":1,"8":1,"9":1,"10":2,"11":2,"12":2,"13":1,"14":1},"branchMap":{"0":{"type":"branch","line":15,"loc":{"start":{"line":15,"column":40},"end":{"line":15,"column":40}},"locations":[{"start":{"line":15,"column":40},"end":{"line":15,"column":40}}]},"1":{"type":"branch","line":15,"loc":{"start":{"line":15,"column":40},"end":{"line":15,"column":40}},"locations":[{"start":{"line":15,"column":40},"end":{"line":15,"column":40}}]},"2":{"type":"branch","line":15,"loc":{"start":{"line":15,"column":40},"end":{"line":15,"column":40}},"locations":[{"start":{"line":15,"column":40},"end":{"line":15,"column":40}}]},"3":{"type":"branch","line":15,"loc":{"start":{"line":15,"column":40},"end":{"line":15,"column":40}},"locations":[{"start":{"line":15,"column":40},"end":{"line":15,"column":40}}]},"4":{"type":"branch","line":15,"loc":{"start":{"line":15,"column":40},"end":{"line":15,"column":40}},"locations":[{"start":{"line":15,"column":40},"end":{"line":15,"column":40}}]},"5":{"type":"branch","line":15,"loc":{"start":{"line":15,"column":40},"end":{"line":15,"column":40}},"locations":[{"start":{"line":15,"column":40},"end":{"line":15,"column":40}}]},"6":{"type":"branch","line":15,"loc":{"start":{"line":15,"column":40},"end":{"line":15,"column":40}},"locations":[{"start":{"line":15,"column":40},"end":{"line":15,"column":40}}]},"7":{"type":"branch","line":15,"loc":{"start":{"line":15,"column":40},"end":{"line":15,"column":40}},"locations":[{"start":{"line":15,"column":40},"end":{"line":15,"column":40}}]},"8":{"type":"branch","line":15,"loc":{"start":{"line":15,"column":40},"end":{"line":15,"column":40}},"locations":[{"start":{"line":15,"column":40},"end":{"line":15,"column":40}}]},"9":{"type":"branch","line":15,"loc":{"start":{"line":15,"column":40},"end":{"line":15,"column":40}},"locations":[{"start":{"line":15,"column":40},"end":{"line":15,"column":40}}]},"10":{"type":"branch","line":15,"loc":{"start":{"line":15,"column":40},"end":{"line":15,"column":40}},"locations":[{"start":{"line":15,"column":40},"end":{"line":15,"column":40}}]},"11":{"type":"branch","line":15,"loc":{"start":{"line":15,"column":40},"end":{"line":15,"column":40}},"locations":[{"start":{"line":15,"column":40},"end":{"line":15,"column":40}}]},"12":{"type":"branch","line":15,"loc":{"start":{"line":15,"column":40},"end":{"line":15,"column":40}},"locations":[{"start":{"line":15,"column":40},"end":{"line":15,"column":40}}]},"13":{"type":"branch","line":15,"loc":{"start":{"line":15,"column":40},"end":{"line":15,"column":40}},"locations":[{"start":{"line":15,"column":40},"end":{"line":15,"column":40}}]},"14":{"type":"branch","line":15,"loc":{"start":{"line":15,"column":40},"end":{"line":15,"column":40}},"locations":[{"start":{"line":15,"column":40},"end":{"line":15,"column":40}}]},"15":{"type":"branch","line":15,"loc":{"start":{"line":15,"column":40},"end":{"line":15,"column":40}},"locations":[{"start":{"line":15,"column":40},"end":{"line":15,"column":40}}]},"16":{"type":"branch","line":15,"loc":{"start":{"line":15,"column":40},"end":{"line":15,"column":40}},"locations":[{"start":{"line":15,"column":40},"end":{"line":15,"column":40}}]},"17":{"type":"branch","line":15,"loc":{"start":{"line":15,"column":40},"end":{"line":15,"column":40}},"locations":[{"start":{"line":15,"column":40},"end":{"line":15,"column":40}}]},"18":{"type":"branch","line":15,"loc":{"start":{"line":15,"column":40},"end":{"line":15,"column":40}},"locations":[{"start":{"line":15,"column":40},"end":{"line":15,"column":40}}]},"19":{"type":"branch","line":15,"loc":{"start":{"line":15,"column":40},"end":{"line":15,"column":40}},"locations":[{"start":{"line":15,"column":40},"end":{"line":15,"column":40}}]},"20":{"type":"branch","line":15,"loc":{"start":{"line":15,"column":40},"end":{"line":15,"column":40}},"locations":[{"start":{"line":15,"column":40},"end":{"line":15,"column":40}}]},"21":{"type":"branch","line":15,"loc":{"start":{"line":15,"column":40},"end":{"line":15,"column":40}},"locations":[{"start":{"line":15,"column":40},"end":{"line":15,"column":40}}]},"22":{"type":"branch","line":15,"loc":{"start":{"line":15,"column":40},"end":{"line":15,"column":40}},"locations":[{"start":{"line":15,"column":40},"end":{"line":15,"column":40}}]},"23":{"type":"branch","line":15,"loc":{"start":{"line":15,"column":40},"end":{"line":15,"column":40}},"locations":[{"start":{"line":15,"column":40},"end":{"line":15,"column":40}}]},"24":{"type":"branch","line":15,"loc":{"start":{"line":15,"column":40},"end":{"line":15,"column":40}},"locations":[{"start":{"line":15,"column":40},"end":{"line":15,"column":40}}]},"25":{"type":"branch","line":15,"loc":{"start":{"line":15,"column":40},"end":{"line":15,"column":40}},"locations":[{"start":{"line":15,"column":40},"end":{"line":15,"column":40}}]},"26":{"type":"branch","line":15,"loc":{"start":{"line":15,"column":40},"end":{"line":15,"column":40}},"locations":[{"start":{"line":15,"column":40},"end":{"line":15,"column":40}}]},"27":{"type":"branch","line":15,"loc":{"start":{"line":15,"column":40},"end":{"line":15,"column":40}},"locations":[{"start":{"line":15,"column":40},"end":{"line":15,"column":40}}]},"28":{"type":"branch","line":15,"loc":{"start":{"line":15,"column":40},"end":{"line":15,"column":40}},"locations":[{"start":{"line":15,"column":40},"end":{"line":15,"column":40}}]},"29":{"type":"branch","line":15,"loc":{"start":{"line":15,"column":40},"end":{"line":15,"column":40}},"locations":[{"start":{"line":15,"column":40},"end":{"line":15,"column":40}}]},"30":{"type":"branch","line":15,"loc":{"start":{"line":15,"column":40},"end":{"line":15,"column":40}},"locations":[{"start":{"line":15,"column":40},"end":{"line":15,"column":40}}]},"31":{"type":"branch","line":15,"loc":{"start":{"line":15,"column":40},"end":{"line":15,"column":40}},"locations":[{"start":{"line":15,"column":40},"end":{"line":15,"column":40}}]},"32":{"type":"branch","line":15,"loc":{"start":{"line":15,"column":40},"end":{"line":15,"column":40}},"locations":[{"start":{"line":15,"column":40},"end":{"line":15,"column":40}}]},"33":{"type":"branch","line":15,"loc":{"start":{"line":15,"column":40},"end":{"line":15,"column":40}},"locations":[{"start":{"line":15,"column":40},"end":{"line":15,"column":40}}]},"34":{"type":"branch","line":15,"loc":{"start":{"line":15,"column":40},"end":{"line":15,"column":40}},"locations":[{"start":{"line":15,"column":40},"end":{"line":15,"column":40}}]},"35":{"type":"branch","line":15,"loc":{"start":{"line":15,"column":40},"end":{"line":15,"column":40}},"locations":[{"start":{"line":15,"column":40},"end":{"line":15,"column":40}}]},"36":{"type":"branch","line":15,"loc":{"start":{"line":15,"column":40},"end":{"line":15,"column":40}},"locations":[{"start":{"line":15,"column":40},"end":{"line":15,"column":40}}]},"37":{"type":"branch","line":15,"loc":{"start":{"line":15,"column":40},"end":{"line":15,"column":40}},"locations":[{"start":{"line":15,"column":40},"end":{"line":15,"column":40}}]},"38":{"type":"branch","line":15,"loc":{"start":{"line":15,"column":40},"end":{"line":15,"column":40}},"locations":[{"start":{"line":15,"column":40},"end":{"line":15,"column":40}}]},"39":{"type":"branch","line":15,"loc":{"start":{"line":15,"column":40},"end":{"line":15,"column":40}},"locations":[{"start":{"line":15,"column":40},"end":{"line":15,"column":40}}]},"40":{"type":"branch","line":15,"loc":{"start":{"line":15,"column":40},"end":{"line":15,"column":40}},"locations":[{"start":{"line":15,"column":40},"end":{"line":15,"column":40}}]},"41":{"type":"branch","line":15,"loc":{"start":{"line":15,"column":40},"end":{"line":15,"column":40}},"locations":[{"start":{"line":15,"column":40},"end":{"line":15,"column":40}}]},"42":{"type":"branch","line":15,"loc":{"start":{"line":15,"column":40},"end":{"line":15,"column":40}},"locations":[{"start":{"line":15,"column":40},"end":{"line":15,"column":40}}]},"43":{"type":"branch","line":15,"loc":{"start":{"line":15,"column":40},"end":{"line":15,"column":40}},"locations":[{"start":{"line":15,"column":40},"end":{"line":15,"column":40}}]},"44":{"type":"branch","line":15,"loc":{"start":{"line":15,"column":40},"end":{"line":15,"column":40}},"locations":[{"start":{"line":15,"column":40},"end":{"line":15,"column":40}}]},"45":{"type":"branch","line":15,"loc":{"start":{"line":15,"column":40},"end":{"line":15,"column":40}},"locations":[{"start":{"line":15,"column":40},"end":{"line":15,"column":40}}]},"46":{"type":"branch","line":15,"loc":{"start":{"line":15,"column":40},"end":{"line":15,"column":40}},"locations":[{"start":{"line":15,"column":40},"end":{"line":15,"column":40}}]},"47":{"type":"branch","line":15,"loc":{"start":{"line":15,"column":40},"end":{"line":15,"column":40}},"locations":[{"start":{"line":15,"column":40},"end":{"line":15,"column":40}}]},"48":{"type":"branch","line":5,"loc":{"start":{"line":5,"column":21},"end":{"line":8,"column":2}},"locations":[{"start":{"line":5,"column":21},"end":{"line":8,"column":2}}]},"49":{"type":"branch","line":5,"loc":{"start":{"line":5,"column":55},"end":{"line":8,"column":2}},"locations":[{"start":{"line":5,"column":55},"end":{"line":8,"column":2}}]},"50":{"type":"branch","line":15,"loc":{"start":{"line":15,"column":40},"end":{"line":15,"column":40}},"locations":[{"start":{"line":15,"column":40},"end":{"line":15,"column":40}}]},"51":{"type":"branch","line":6,"loc":{"start":{"line":6,"column":19},"end":{"line":6,"column":34}},"locations":[{"start":{"line":6,"column":19},"end":{"line":6,"column":34}}]},"52":{"type":"branch","line":15,"loc":{"start":{"line":15,"column":40},"end":{"line":15,"column":40}},"locations":[{"start":{"line":15,"column":40},"end":{"line":15,"column":40}}]},"53":{"type":"branch","line":10,"loc":{"start":{"line":10,"column":23},"end":{"line":13,"column":2}},"locations":[{"start":{"line":10,"column":23},"end":{"line":13,"column":2}}]},"54":{"type":"branch","line":10,"loc":{"start":{"line":10,"column":57},"end":{"line":13,"column":2}},"locations":[{"start":{"line":10,"column":57},"end":{"line":13,"column":2}}]},"55":{"type":"branch","line":15,"loc":{"start":{"line":15,"column":40},"end":{"line":15,"column":40}},"locations":[{"start":{"line":15,"column":40},"end":{"line":15,"column":40}}]},"56":{"type":"branch","line":11,"loc":{"start":{"line":11,"column":19},"end":{"line":11,"column":42}},"locations":[{"start":{"line":11,"column":19},"end":{"line":11,"column":42}}]},"57":{"type":"branch","line":15,"loc":{"start":{"line":15,"column":40},"end":{"line":15,"column":40}},"locations":[{"start":{"line":15,"column":40},"end":{"line":15,"column":40}}]}},"b":{"0":[2],"1":[3],"2":[3],"3":[0],"4":[3],"5":[2],"6":[0],"7":[1],"8":[0],"9":[5],"10":[2],"11":[3],"12":[3],"13":[3],"14":[2],"15":[1],"16":[9],"17":[6],"18":[6],"19":[0],"20":[12],"21":[0],"22":[0],"23":[0],"24":[0],"25":[5],"26":[6],"27":[3],"28":[0],"29":[0],"30":[3],"31":[0],"32":[2],"33":[0],"34":[0],"35":[0],"36":[0],"37":[10],"38":[6],"39":[5],"40":[1],"41":[6],"42":[3],"43":[1],"44":[2],"45":[0],"46":[4],"47":[0],"48":[1],"49":[1],"50":[2],"51":[1],"52":[1],"53":[2],"54":[2],"55":[4],"56":[2],"57":[2]},"fnMap":{"0":{"name":"__awaiter","decl":{"start":{"line":15,"column":40},"end":{"line":15,"column":40}},"loc":{"start":{"line":15,"column":40},"end":{"line":15,"column":40}},"line":15},"1":{"name":"adopt","decl":{"start":{"line":15,"column":40},"end":{"line":15,"column":40}},"loc":{"start":{"line":15,"column":40},"end":{"line":15,"column":40}},"line":15},"2":{"name":"fulfilled","decl":{"start":{"line":15,"column":40},"end":{"line":15,"column":40}},"loc":{"start":{"line":15,"column":40},"end":{"line":15,"column":40}},"line":15},"3":{"name":"rejected","decl":{"start":{"line":15,"column":40},"end":{"line":15,"column":40}},"loc":{"start":{"line":15,"column":40},"end":{"line":15,"column":40}},"line":15},"4":{"name":"step","decl":{"start":{"line":15,"column":40},"end":{"line":15,"column":40}},"loc":{"start":{"line":15,"column":40},"end":{"line":15,"column":40}},"line":15},"5":{"name":"__generator","decl":{"start":{"line":15,"column":40},"end":{"line":15,"column":40}},"loc":{"start":{"line":15,"column":40},"end":{"line":15,"column":40}},"line":15},"6":{"name":"sent","decl":{"start":{"line":15,"column":40},"end":{"line":15,"column":40}},"loc":{"start":{"line":15,"column":40},"end":{"line":15,"column":40}},"line":15},"7":{"name":"g.<computed>","decl":{"start":{"line":15,"column":40},"end":{"line":15,"column":40}},"loc":{"start":{"line":15,"column":40},"end":{"line":15,"column":40}},"line":15},"8":{"name":"verb","decl":{"start":{"line":15,"column":40},"end":{"line":15,"column":40}},"loc":{"start":{"line":15,"column":40},"end":{"line":15,"column":40}},"line":15},"9":{"name":"step","decl":{"start":{"line":15,"column":40},"end":{"line":15,"column":40}},"loc":{"start":{"line":15,"column":40},"end":{"line":15,"column":40}},"line":15},"10":{"name":"__importDefault","decl":{"start":{"line":15,"column":40},"end":{"line":15,"column":40}},"loc":{"start":{"line":15,"column":40},"end":{"line":15,"column":40}},"line":15},"11":{"name":"getCustomers","decl":{"start":{"line":5,"column":21},"end":{"line":8,"column":2}},"loc":{"start":{"line":5,"column":21},"end":{"line":8,"column":2}},"line":5},"12":{"name":"createCustomer","decl":{"start":{"line":10,"column":23},"end":{"line":13,"column":2}},"loc":{"start":{"line":10,"column":23},"end":{"line":13,"column":2}},"line":10}},"f":{"0":3,"1":3,"2":2,"3":1,"4":5,"5":3,"6":3,"7":0,"8":9,"9":6,"10":4,"11":1,"12":2}}
,"/home/leonardo/trademaster/node-ts-express-knex/src/server/index.ts": {"path":"/home/leonardo/trademaster/node-ts-express-knex/src/server/index.ts","statementMap":{"0":{"start":{"line":1,"column":0},"end":{"line":1,"column":30}},"1":{"start":{"line":2,"column":0},"end":{"line":2,"column":43}},"2":{"start":{"line":3,"column":0},"end":{"line":3,"column":37}},"3":{"start":{"line":4,"column":0},"end":{"line":4,"column":30}},"4":{"start":{"line":5,"column":0},"end":{"line":5,"column":41}},"5":{"start":{"line":6,"column":0},"end":{"line":6,"column":0}},"6":{"start":{"line":7,"column":0},"end":{"line":7,"column":14}},"7":{"start":{"line":8,"column":0},"end":{"line":8,"column":22}},"8":{"start":{"line":9,"column":0},"end":{"line":9,"column":0}},"9":{"start":{"line":10,"column":0},"end":{"line":10,"column":17}},"10":{"start":{"line":11,"column":0},"end":{"line":11,"column":25}},"11":{"start":{"line":12,"column":0},"end":{"line":12,"column":61}},"12":{"start":{"line":13,"column":0},"end":{"line":13,"column":36}},"13":{"start":{"line":14,"column":0},"end":{"line":14,"column":25}},"14":{"start":{"line":15,"column":0},"end":{"line":15,"column":31}},"15":{"start":{"line":16,"column":0},"end":{"line":16,"column":3}},"16":{"start":{"line":17,"column":0},"end":{"line":17,"column":0}},"17":{"start":{"line":18,"column":0},"end":{"line":18,"column":36}},"18":{"start":{"line":19,"column":0},"end":{"line":19,"column":33}},"19":{"start":{"line":20,"column":0},"end":{"line":20,"column":44}},"20":{"start":{"line":21,"column":0},"end":{"line":21,"column":52}},"21":{"start":{"line":22,"column":0},"end":{"line":22,"column":7}},"22":{"start":{"line":23,"column":0},"end":{"line":23,"column":3}},"23":{"start":{"line":24,"column":0},"end":{"line":24,"column":1}},"24":{"start":{"line":25,"column":0},"end":{"line":25,"column":0}},"25":{"start":{"line":26,"column":0},"end":{"line":26,"column":22}}},"s":{"0":1,"1":1,"2":1,"3":1,"4":1,"5":1,"6":2,"7":2,"8":2,"9":2,"10":2,"11":2,"12":2,"13":2,"14":2,"15":2,"16":2,"17":2,"18":0,"19":0,"20":0,"21":0,"22":0,"23":2,"24":1,"25":1},"branchMap":{"0":{"type":"branch","line":26,"loc":{"start":{"line":26,"column":22},"end":{"line":26,"column":22}},"locations":[{"start":{"line":26,"column":22},"end":{"line":26,"column":22}}]},"1":{"type":"branch","line":26,"loc":{"start":{"line":26,"column":22},"end":{"line":26,"column":22}},"locations":[{"start":{"line":26,"column":22},"end":{"line":26,"column":22}}]},"2":{"type":"branch","line":26,"loc":{"start":{"line":26,"column":22},"end":{"line":26,"column":22}},"locations":[{"start":{"line":26,"column":22},"end":{"line":26,"column":22}}]},"3":{"type":"branch","line":26,"loc":{"start":{"line":26,"column":22},"end":{"line":26,"column":22}},"locations":[{"start":{"line":26,"column":22},"end":{"line":26,"column":22}}]},"4":{"type":"branch","line":7,"loc":{"start":{"line":7,"column":0},"end":{"line":24,"column":1}},"locations":[{"start":{"line":7,"column":0},"end":{"line":24,"column":1}}]},"5":{"type":"branch","line":10,"loc":{"start":{"line":10,"column":2},"end":{"line":16,"column":3}},"locations":[{"start":{"line":10,"column":2},"end":{"line":16,"column":3}}]}},"b":{"0":[2],"1":[8],"2":[4],"3":[4],"4":[2],"5":[2]},"fnMap":{"0":{"name":"__importDefault","decl":{"start":{"line":26,"column":22},"end":{"line":26,"column":22}},"loc":{"start":{"line":26,"column":22},"end":{"line":26,"column":22}},"line":26},"1":{"name":"Server","decl":{"start":{"line":10,"column":2},"end":{"line":16,"column":3}},"loc":{"start":{"line":10,"column":2},"end":{"line":16,"column":3}},"line":10},"2":{"name":"Server.start","decl":{"start":{"line":18,"column":2},"end":{"line":23,"column":3}},"loc":{"start":{"line":18,"column":2},"end":{"line":23,"column":3}},"line":18}},"f":{"0":8,"1":2,"2":0}}
,"/home/leonardo/trademaster/node-ts-express-knex/src/server/routes.ts": {"path":"/home/leonardo/trademaster/node-ts-express-knex/src/server/routes.ts","statementMap":{"0":{"start":{"line":1,"column":0},"end":{"line":1,"column":33}},"1":{"start":{"line":2,"column":0},"end":{"line":2,"column":40}},"2":{"start":{"line":3,"column":0},"end":{"line":3,"column":46}},"3":{"start":{"line":4,"column":0},"end":{"line":4,"column":56}},"4":{"start":{"line":5,"column":0},"end":{"line":5,"column":0}},"5":{"start":{"line":6,"column":0},"end":{"line":6,"column":24}},"6":{"start":{"line":7,"column":0},"end":{"line":7,"column":0}},"7":{"start":{"line":8,"column":0},"end":{"line":8,"column":38}},"8":{"start":{"line":9,"column":0},"end":{"line":9,"column":62}},"9":{"start":{"line":10,"column":0},"end":{"line":10,"column":0}},"10":{"start":{"line":11,"column":0},"end":{"line":11,"column":0}},"11":{"start":{"line":12,"column":0},"end":{"line":12,"column":22}}},"s":{"0":1,"1":1,"2":1,"3":1,"4":1,"5":1,"6":1,"7":1,"8":1,"9":1,"10":1,"11":1},"branchMap":{"0":{"type":"branch","line":12,"loc":{"start":{"line":12,"column":22},"end":{"line":12,"column":22}},"locations":[{"start":{"line":12,"column":22},"end":{"line":12,"column":22}}]},"1":{"type":"branch","line":12,"loc":{"start":{"line":12,"column":22},"end":{"line":12,"column":22}},"locations":[{"start":{"line":12,"column":22},"end":{"line":12,"column":22}}]},"2":{"type":"branch","line":12,"loc":{"start":{"line":12,"column":22},"end":{"line":12,"column":22}},"locations":[{"start":{"line":12,"column":22},"end":{"line":12,"column":22}}]}},"b":{"0":[2],"1":[4],"2":[0]},"fnMap":{"0":{"name":"__importDefault","decl":{"start":{"line":12,"column":22},"end":{"line":12,"column":22}},"loc":{"start":{"line":12,"column":22},"end":{"line":12,"column":22}},"line":12}},"f":{"0":4}}
,"/home/leonardo/trademaster/node-ts-express-knex/src/services/create.ts": {"path":"/home/leonardo/trademaster/node-ts-express-knex/src/services/create.ts","statementMap":{"0":{"start":{"line":1,"column":0},"end":{"line":1,"column":48}},"1":{"start":{"line":2,"column":0},"end":{"line":2,"column":34}},"2":{"start":{"line":3,"column":0},"end":{"line":3,"column":43}},"3":{"start":{"line":4,"column":0},"end":{"line":4,"column":0}},"4":{"start":{"line":5,"column":0},"end":{"line":5,"column":51}},"5":{"start":{"line":6,"column":0},"end":{"line":6,"column":34}},"6":{"start":{"line":7,"column":0},"end":{"line":7,"column":0}},"7":{"start":{"line":8,"column":0},"end":{"line":8,"column":59}},"8":{"start":{"line":9,"column":0},"end":{"line":9,"column":0}},"9":{"start":{"line":10,"column":0},"end":{"line":10,"column":19}},"10":{"start":{"line":11,"column":0},"end":{"line":11,"column":61}},"11":{"start":{"line":12,"column":0},"end":{"line":12,"column":3}},"12":{"start":{"line":13,"column":0},"end":{"line":13,"column":0}},"13":{"start":{"line":14,"column":0},"end":{"line":14,"column":31}},"14":{"start":{"line":15,"column":0},"end":{"line":15,"column":1}},"15":{"start":{"line":16,"column":0},"end":{"line":16,"column":0}},"16":{"start":{"line":17,"column":0},"end":{"line":17,"column":30}}},"s":{"0":1,"1":1,"2":1,"3":1,"4":1,"5":2,"6":2,"7":2,"8":2,"9":2,"10":1,"11":1,"12":1,"13":1,"14":2,"15":1,"16":1},"branchMap":{"0":{"type":"branch","line":17,"loc":{"start":{"line":17,"column":30},"end":{"line":17,"column":30}},"locations":[{"start":{"line":17,"column":30},"end":{"line":17,"column":30}}]},"1":{"type":"branch","line":17,"loc":{"start":{"line":17,"column":30},"end":{"line":17,"column":30}},"locations":[{"start":{"line":17,"column":30},"end":{"line":17,"column":30}}]},"2":{"type":"branch","line":17,"loc":{"start":{"line":17,"column":30},"end":{"line":17,"column":30}},"locations":[{"start":{"line":17,"column":30},"end":{"line":17,"column":30}}]},"3":{"type":"branch","line":17,"loc":{"start":{"line":17,"column":30},"end":{"line":17,"column":30}},"locations":[{"start":{"line":17,"column":30},"end":{"line":17,"column":30}}]},"4":{"type":"branch","line":17,"loc":{"start":{"line":17,"column":30},"end":{"line":17,"column":30}},"locations":[{"start":{"line":17,"column":30},"end":{"line":17,"column":30}}]},"5":{"type":"branch","line":17,"loc":{"start":{"line":17,"column":30},"end":{"line":17,"column":30}},"locations":[{"start":{"line":17,"column":30},"end":{"line":17,"column":30}}]},"6":{"type":"branch","line":17,"loc":{"start":{"line":17,"column":30},"end":{"line":17,"column":30}},"locations":[{"start":{"line":17,"column":30},"end":{"line":17,"column":30}}]},"7":{"type":"branch","line":17,"loc":{"start":{"line":17,"column":30},"end":{"line":17,"column":30}},"locations":[{"start":{"line":17,"column":30},"end":{"line":17,"column":30}}]},"8":{"type":"branch","line":17,"loc":{"start":{"line":17,"column":30},"end":{"line":17,"column":30}},"locations":[{"start":{"line":17,"column":30},"end":{"line":17,"column":30}}]},"9":{"type":"branch","line":17,"loc":{"start":{"line":17,"column":30},"end":{"line":17,"column":30}},"locations":[{"start":{"line":17,"column":30},"end":{"line":17,"column":30}}]},"10":{"type":"branch","line":17,"loc":{"start":{"line":17,"column":30},"end":{"line":17,"column":30}},"locations":[{"start":{"line":17,"column":30},"end":{"line":17,"column":30}}]},"11":{"type":"branch","line":17,"loc":{"start":{"line":17,"column":30},"end":{"line":17,"column":30}},"locations":[{"start":{"line":17,"column":30},"end":{"line":17,"column":30}}]},"12":{"type":"branch","line":17,"loc":{"start":{"line":17,"column":30},"end":{"line":17,"column":30}},"locations":[{"start":{"line":17,"column":30},"end":{"line":17,"column":30}}]},"13":{"type":"branch","line":17,"loc":{"start":{"line":17,"column":30},"end":{"line":17,"column":30}},"locations":[{"start":{"line":17,"column":30},"end":{"line":17,"column":30}}]},"14":{"type":"branch","line":17,"loc":{"start":{"line":17,"column":30},"end":{"line":17,"column":30}},"locations":[{"start":{"line":17,"column":30},"end":{"line":17,"column":30}}]},"15":{"type":"branch","line":17,"loc":{"start":{"line":17,"column":30},"end":{"line":17,"column":30}},"locations":[{"start":{"line":17,"column":30},"end":{"line":17,"column":30}}]},"16":{"type":"branch","line":17,"loc":{"start":{"line":17,"column":30},"end":{"line":17,"column":30}},"locations":[{"start":{"line":17,"column":30},"end":{"line":17,"column":30}}]},"17":{"type":"branch","line":17,"loc":{"start":{"line":17,"column":30},"end":{"line":17,"column":30}},"locations":[{"start":{"line":17,"column":30},"end":{"line":17,"column":30}}]},"18":{"type":"branch","line":17,"loc":{"start":{"line":17,"column":30},"end":{"line":17,"column":30}},"locations":[{"start":{"line":17,"column":30},"end":{"line":17,"column":30}}]},"19":{"type":"branch","line":17,"loc":{"start":{"line":17,"column":30},"end":{"line":17,"column":30}},"locations":[{"start":{"line":17,"column":30},"end":{"line":17,"column":30}}]},"20":{"type":"branch","line":17,"loc":{"start":{"line":17,"column":30},"end":{"line":17,"column":30}},"locations":[{"start":{"line":17,"column":30},"end":{"line":17,"column":30}}]},"21":{"type":"branch","line":17,"loc":{"start":{"line":17,"column":30},"end":{"line":17,"column":30}},"locations":[{"start":{"line":17,"column":30},"end":{"line":17,"column":30}}]},"22":{"type":"branch","line":17,"loc":{"start":{"line":17,"column":30},"end":{"line":17,"column":30}},"locations":[{"start":{"line":17,"column":30},"end":{"line":17,"column":30}}]},"23":{"type":"branch","line":17,"loc":{"start":{"line":17,"column":30},"end":{"line":17,"column":30}},"locations":[{"start":{"line":17,"column":30},"end":{"line":17,"column":30}}]},"24":{"type":"branch","line":17,"loc":{"start":{"line":17,"column":30},"end":{"line":17,"column":30}},"locations":[{"start":{"line":17,"column":30},"end":{"line":17,"column":30}}]},"25":{"type":"branch","line":17,"loc":{"start":{"line":17,"column":30},"end":{"line":17,"column":30}},"locations":[{"start":{"line":17,"column":30},"end":{"line":17,"column":30}}]},"26":{"type":"branch","line":17,"loc":{"start":{"line":17,"column":30},"end":{"line":17,"column":30}},"locations":[{"start":{"line":17,"column":30},"end":{"line":17,"column":30}}]},"27":{"type":"branch","line":17,"loc":{"start":{"line":17,"column":30},"end":{"line":17,"column":30}},"locations":[{"start":{"line":17,"column":30},"end":{"line":17,"column":30}}]},"28":{"type":"branch","line":17,"loc":{"start":{"line":17,"column":30},"end":{"line":17,"column":30}},"locations":[{"start":{"line":17,"column":30},"end":{"line":17,"column":30}}]},"29":{"type":"branch","line":17,"loc":{"start":{"line":17,"column":30},"end":{"line":17,"column":30}},"locations":[{"start":{"line":17,"column":30},"end":{"line":17,"column":30}}]},"30":{"type":"branch","line":17,"loc":{"start":{"line":17,"column":30},"end":{"line":17,"column":30}},"locations":[{"start":{"line":17,"column":30},"end":{"line":17,"column":30}}]},"31":{"type":"branch","line":17,"loc":{"start":{"line":17,"column":30},"end":{"line":17,"column":30}},"locations":[{"start":{"line":17,"column":30},"end":{"line":17,"column":30}}]},"32":{"type":"branch","line":17,"loc":{"start":{"line":17,"column":30},"end":{"line":17,"column":30}},"locations":[{"start":{"line":17,"column":30},"end":{"line":17,"column":30}}]},"33":{"type":"branch","line":17,"loc":{"start":{"line":17,"column":30},"end":{"line":17,"column":30}},"locations":[{"start":{"line":17,"column":30},"end":{"line":17,"column":30}}]},"34":{"type":"branch","line":17,"loc":{"start":{"line":17,"column":30},"end":{"line":17,"column":30}},"locations":[{"start":{"line":17,"column":30},"end":{"line":17,"column":30}}]},"35":{"type":"branch","line":17,"loc":{"start":{"line":17,"column":30},"end":{"line":17,"column":30}},"locations":[{"start":{"line":17,"column":30},"end":{"line":17,"column":30}}]},"36":{"type":"branch","line":17,"loc":{"start":{"line":17,"column":30},"end":{"line":17,"column":30}},"locations":[{"start":{"line":17,"column":30},"end":{"line":17,"column":30}}]},"37":{"type":"branch","line":17,"loc":{"start":{"line":17,"column":30},"end":{"line":17,"column":30}},"locations":[{"start":{"line":17,"column":30},"end":{"line":17,"column":30}}]},"38":{"type":"branch","line":17,"loc":{"start":{"line":17,"column":30},"end":{"line":17,"column":30}},"locations":[{"start":{"line":17,"column":30},"end":{"line":17,"column":30}}]},"39":{"type":"branch","line":17,"loc":{"start":{"line":17,"column":30},"end":{"line":17,"column":30}},"locations":[{"start":{"line":17,"column":30},"end":{"line":17,"column":30}}]},"40":{"type":"branch","line":17,"loc":{"start":{"line":17,"column":30},"end":{"line":17,"column":30}},"locations":[{"start":{"line":17,"column":30},"end":{"line":17,"column":30}}]},"41":{"type":"branch","line":17,"loc":{"start":{"line":17,"column":30},"end":{"line":17,"column":30}},"locations":[{"start":{"line":17,"column":30},"end":{"line":17,"column":30}}]},"42":{"type":"branch","line":17,"loc":{"start":{"line":17,"column":30},"end":{"line":17,"column":30}},"locations":[{"start":{"line":17,"column":30},"end":{"line":17,"column":30}}]},"43":{"type":"branch","line":5,"loc":{"start":{"line":5,"column":23},"end":{"line":15,"column":1}},"locations":[{"start":{"line":5,"column":23},"end":{"line":15,"column":1}}]},"44":{"type":"branch","line":5,"loc":{"start":{"line":5,"column":45},"end":{"line":15,"column":1}},"locations":[{"start":{"line":5,"column":45},"end":{"line":15,"column":1}}]},"45":{"type":"branch","line":17,"loc":{"start":{"line":17,"column":30},"end":{"line":17,"column":30}},"locations":[{"start":{"line":17,"column":30},"end":{"line":17,"column":30}}]},"46":{"type":"branch","line":17,"loc":{"start":{"line":17,"column":30},"end":{"line":17,"column":30}},"locations":[{"start":{"line":17,"column":30},"end":{"line":17,"column":30}}]},"47":{"type":"branch","line":17,"loc":{"start":{"line":17,"column":30},"end":{"line":17,"column":30}},"locations":[{"start":{"line":17,"column":30},"end":{"line":17,"column":30}}]},"48":{"type":"branch","line":10,"loc":{"start":{"line":10,"column":18},"end":{"line":14,"column":31}},"locations":[{"start":{"line":10,"column":18},"end":{"line":14,"column":31}}]}},"b":{"0":[2],"1":[2],"2":[2],"3":[0],"4":[2],"5":[2],"6":[1],"7":[3],"8":[1],"9":[2],"10":[2],"11":[2],"12":[0],"13":[6],"14":[4],"15":[4],"16":[0],"17":[8],"18":[0],"19":[0],"20":[0],"21":[0],"22":[4],"23":[4],"24":[2],"25":[0],"26":[0],"27":[2],"28":[0],"29":[1],"30":[0],"31":[0],"32":[0],"33":[0],"34":[4],"35":[3],"36":[1],"37":[4],"38":[2],"39":[1],"40":[0],"41":[4],"42":[0],"43":[2],"44":[2],"45":[4],"46":[2],"47":[2],"48":[1]},"fnMap":{"0":{"name":"__awaiter","decl":{"start":{"line":17,"column":30},"end":{"line":17,"column":30}},"loc":{"start":{"line":17,"column":30},"end":{"line":17,"column":30}},"line":17},"1":{"name":"adopt","decl":{"start":{"line":17,"column":30},"end":{"line":17,"column":30}},"loc":{"start":{"line":17,"column":30},"end":{"line":17,"column":30}},"line":17},"2":{"name":"fulfilled","decl":{"start":{"line":17,"column":30},"end":{"line":17,"column":30}},"loc":{"start":{"line":17,"column":30},"end":{"line":17,"column":30}},"line":17},"3":{"name":"rejected","decl":{"start":{"line":17,"column":30},"end":{"line":17,"column":30}},"loc":{"start":{"line":17,"column":30},"end":{"line":17,"column":30}},"line":17},"4":{"name":"step","decl":{"start":{"line":17,"column":30},"end":{"line":17,"column":30}},"loc":{"start":{"line":17,"column":30},"end":{"line":17,"column":30}},"line":17},"5":{"name":"__generator","decl":{"start":{"line":17,"column":30},"end":{"line":17,"column":30}},"loc":{"start":{"line":17,"column":30},"end":{"line":17,"column":30}},"line":17},"6":{"name":"sent","decl":{"start":{"line":17,"column":30},"end":{"line":17,"column":30}},"loc":{"start":{"line":17,"column":30},"end":{"line":17,"column":30}},"line":17},"7":{"name":"g.<computed>","decl":{"start":{"line":17,"column":30},"end":{"line":17,"column":30}},"loc":{"start":{"line":17,"column":30},"end":{"line":17,"column":30}},"line":17},"8":{"name":"verb","decl":{"start":{"line":17,"column":30},"end":{"line":17,"column":30}},"loc":{"start":{"line":17,"column":30},"end":{"line":17,"column":30}},"line":17},"9":{"name":"step","decl":{"start":{"line":17,"column":30},"end":{"line":17,"column":30}},"loc":{"start":{"line":17,"column":30},"end":{"line":17,"column":30}},"line":17},"10":{"name":"__importDefault","decl":{"start":{"line":17,"column":30},"end":{"line":17,"column":30}},"loc":{"start":{"line":17,"column":30},"end":{"line":17,"column":30}},"line":17},"11":{"name":"createCustomer","decl":{"start":{"line":5,"column":23},"end":{"line":15,"column":1}},"loc":{"start":{"line":5,"column":23},"end":{"line":15,"column":1}},"line":5}},"f":{"0":2,"1":2,"2":2,"3":0,"4":3,"5":2,"6":2,"7":0,"8":6,"9":4,"10":4,"11":2}}
,"/home/leonardo/trademaster/node-ts-express-knex/src/services/getAll.ts": {"path":"/home/leonardo/trademaster/node-ts-express-knex/src/services/getAll.ts","statementMap":{"0":{"start":{"line":1,"column":0},"end":{"line":1,"column":48}},"1":{"start":{"line":2,"column":0},"end":{"line":2,"column":0}},"2":{"start":{"line":3,"column":0},"end":{"line":3,"column":28}},"3":{"start":{"line":4,"column":0},"end":{"line":4,"column":34}},"4":{"start":{"line":5,"column":0},"end":{"line":5,"column":0}},"5":{"start":{"line":6,"column":0},"end":{"line":6,"column":27}},"6":{"start":{"line":7,"column":0},"end":{"line":7,"column":1}},"7":{"start":{"line":8,"column":0},"end":{"line":8,"column":0}},"8":{"start":{"line":9,"column":0},"end":{"line":9,"column":22}}},"s":{"0":1,"1":1,"2":1,"3":1,"4":1,"5":1,"6":1,"7":1,"8":1},"branchMap":{"0":{"type":"branch","line":9,"loc":{"start":{"line":9,"column":22},"end":{"line":9,"column":22}},"locations":[{"start":{"line":9,"column":22},"end":{"line":9,"column":22}}]},"1":{"type":"branch","line":9,"loc":{"start":{"line":9,"column":22},"end":{"line":9,"column":22}},"locations":[{"start":{"line":9,"column":22},"end":{"line":9,"column":22}}]},"2":{"type":"branch","line":9,"loc":{"start":{"line":9,"column":22},"end":{"line":9,"column":22}},"locations":[{"start":{"line":9,"column":22},"end":{"line":9,"column":22}}]},"3":{"type":"branch","line":9,"loc":{"start":{"line":9,"column":22},"end":{"line":9,"column":22}},"locations":[{"start":{"line":9,"column":22},"end":{"line":9,"column":22}}]},"4":{"type":"branch","line":9,"loc":{"start":{"line":9,"column":22},"end":{"line":9,"column":22}},"locations":[{"start":{"line":9,"column":22},"end":{"line":9,"column":22}}]},"5":{"type":"branch","line":9,"loc":{"start":{"line":9,"column":22},"end":{"line":9,"column":22}},"locations":[{"start":{"line":9,"column":22},"end":{"line":9,"column":22}}]},"6":{"type":"branch","line":9,"loc":{"start":{"line":9,"column":22},"end":{"line":9,"column":22}},"locations":[{"start":{"line":9,"column":22},"end":{"line":9,"column":22}}]},"7":{"type":"branch","line":9,"loc":{"start":{"line":9,"column":22},"end":{"line":9,"column":22}},"locations":[{"start":{"line":9,"column":22},"end":{"line":9,"column":22}}]},"8":{"type":"branch","line":9,"loc":{"start":{"line":9,"column":22},"end":{"line":9,"column":22}},"locations":[{"start":{"line":9,"column":22},"end":{"line":9,"column":22}}]},"9":{"type":"branch","line":9,"loc":{"start":{"line":9,"column":22},"end":{"line":9,"column":22}},"locations":[{"start":{"line":9,"column":22},"end":{"line":9,"column":22}}]},"10":{"type":"branch","line":9,"loc":{"start":{"line":9,"column":22},"end":{"line":9,"column":22}},"locations":[{"start":{"line":9,"column":22},"end":{"line":9,"column":22}}]},"11":{"type":"branch","line":9,"loc":{"start":{"line":9,"column":22},"end":{"line":9,"column":22}},"locations":[{"start":{"line":9,"column":22},"end":{"line":9,"column":22}}]},"12":{"type":"branch","line":9,"loc":{"start":{"line":9,"column":22},"end":{"line":9,"column":22}},"locations":[{"start":{"line":9,"column":22},"end":{"line":9,"column":22}}]},"13":{"type":"branch","line":9,"loc":{"start":{"line":9,"column":22},"end":{"line":9,"column":22}},"locations":[{"start":{"line":9,"column":22},"end":{"line":9,"column":22}}]},"14":{"type":"branch","line":9,"loc":{"start":{"line":9,"column":22},"end":{"line":9,"column":22}},"locations":[{"start":{"line":9,"column":22},"end":{"line":9,"column":22}}]},"15":{"type":"branch","line":9,"loc":{"start":{"line":9,"column":22},"end":{"line":9,"column":22}},"locations":[{"start":{"line":9,"column":22},"end":{"line":9,"column":22}}]},"16":{"type":"branch","line":9,"loc":{"start":{"line":9,"column":22},"end":{"line":9,"column":22}},"locations":[{"start":{"line":9,"column":22},"end":{"line":9,"column":22}}]},"17":{"type":"branch","line":9,"loc":{"start":{"line":9,"column":22},"end":{"line":9,"column":22}},"locations":[{"start":{"line":9,"column":22},"end":{"line":9,"column":22}}]},"18":{"type":"branch","line":9,"loc":{"start":{"line":9,"column":22},"end":{"line":9,"column":22}},"locations":[{"start":{"line":9,"column":22},"end":{"line":9,"column":22}}]},"19":{"type":"branch","line":9,"loc":{"start":{"line":9,"column":22},"end":{"line":9,"column":22}},"locations":[{"start":{"line":9,"column":22},"end":{"line":9,"column":22}}]},"20":{"type":"branch","line":9,"loc":{"start":{"line":9,"column":22},"end":{"line":9,"column":22}},"locations":[{"start":{"line":9,"column":22},"end":{"line":9,"column":22}}]},"21":{"type":"branch","line":9,"loc":{"start":{"line":9,"column":22},"end":{"line":9,"column":22}},"locations":[{"start":{"line":9,"column":22},"end":{"line":9,"column":22}}]},"22":{"type":"branch","line":9,"loc":{"start":{"line":9,"column":22},"end":{"line":9,"column":22}},"locations":[{"start":{"line":9,"column":22},"end":{"line":9,"column":22}}]},"23":{"type":"branch","line":9,"loc":{"start":{"line":9,"column":22},"end":{"line":9,"column":22}},"locations":[{"start":{"line":9,"column":22},"end":{"line":9,"column":22}}]},"24":{"type":"branch","line":9,"loc":{"start":{"line":9,"column":22},"end":{"line":9,"column":22}},"locations":[{"start":{"line":9,"column":22},"end":{"line":9,"column":22}}]},"25":{"type":"branch","line":9,"loc":{"start":{"line":9,"column":22},"end":{"line":9,"column":22}},"locations":[{"start":{"line":9,"column":22},"end":{"line":9,"column":22}}]},"26":{"type":"branch","line":9,"loc":{"start":{"line":9,"column":22},"end":{"line":9,"column":22}},"locations":[{"start":{"line":9,"column":22},"end":{"line":9,"column":22}}]},"27":{"type":"branch","line":9,"loc":{"start":{"line":9,"column":22},"end":{"line":9,"column":22}},"locations":[{"start":{"line":9,"column":22},"end":{"line":9,"column":22}}]},"28":{"type":"branch","line":9,"loc":{"start":{"line":9,"column":22},"end":{"line":9,"column":22}},"locations":[{"start":{"line":9,"column":22},"end":{"line":9,"column":22}}]},"29":{"type":"branch","line":9,"loc":{"start":{"line":9,"column":22},"end":{"line":9,"column":22}},"locations":[{"start":{"line":9,"column":22},"end":{"line":9,"column":22}}]},"30":{"type":"branch","line":9,"loc":{"start":{"line":9,"column":22},"end":{"line":9,"column":22}},"locations":[{"start":{"line":9,"column":22},"end":{"line":9,"column":22}}]},"31":{"type":"branch","line":9,"loc":{"start":{"line":9,"column":22},"end":{"line":9,"column":22}},"locations":[{"start":{"line":9,"column":22},"end":{"line":9,"column":22}}]},"32":{"type":"branch","line":9,"loc":{"start":{"line":9,"column":22},"end":{"line":9,"column":22}},"locations":[{"start":{"line":9,"column":22},"end":{"line":9,"column":22}}]},"33":{"type":"branch","line":3,"loc":{"start":{"line":3,"column":15},"end":{"line":7,"column":1}},"locations":[{"start":{"line":3,"column":15},"end":{"line":7,"column":1}}]},"34":{"type":"branch","line":3,"loc":{"start":{"line":3,"column":15},"end":{"line":7,"column":1}},"locations":[{"start":{"line":3,"column":15},"end":{"line":7,"column":1}}]},"35":{"type":"branch","line":9,"loc":{"start":{"line":9,"column":22},"end":{"line":9,"column":22}},"locations":[{"start":{"line":9,"column":22},"end":{"line":9,"column":22}}]}},"b":{"0":[2],"1":[1],"2":[1],"3":[1],"4":[0],"5":[1],"6":[3],"7":[1],"8":[1],"9":[0],"10":[2],"11":[0],"12":[0],"13":[0],"14":[0],"15":[1],"16":[1],"17":[0],"18":[0],"19":[0],"20":[1],"21":[0],"22":[0],"23":[0],"24":[0],"25":[0],"26":[1],"27":[0],"28":[1],"29":[0],"30":[0],"31":[2],"32":[0],"33":[1],"34":[1],"35":[1]},"fnMap":{"0":{"name":"__awaiter","decl":{"start":{"line":9,"column":22},"end":{"line":9,"column":22}},"loc":{"start":{"line":9,"column":22},"end":{"line":9,"column":22}},"line":9},"1":{"name":"adopt","decl":{"start":{"line":9,"column":22},"end":{"line":9,"column":22}},"loc":{"start":{"line":9,"column":22},"end":{"line":9,"column":22}},"line":9},"2":{"name":"fulfilled","decl":{"start":{"line":9,"column":22},"end":{"line":9,"column":22}},"loc":{"start":{"line":9,"column":22},"end":{"line":9,"column":22}},"line":9},"3":{"name":"rejected","decl":{"start":{"line":9,"column":22},"end":{"line":9,"column":22}},"loc":{"start":{"line":9,"column":22},"end":{"line":9,"column":22}},"line":9},"4":{"name":"step","decl":{"start":{"line":9,"column":22},"end":{"line":9,"column":22}},"loc":{"start":{"line":9,"column":22},"end":{"line":9,"column":22}},"line":9},"5":{"name":"__generator","decl":{"start":{"line":9,"column":22},"end":{"line":9,"column":22}},"loc":{"start":{"line":9,"column":22},"end":{"line":9,"column":22}},"line":9},"6":{"name":"sent","decl":{"start":{"line":9,"column":22},"end":{"line":9,"column":22}},"loc":{"start":{"line":9,"column":22},"end":{"line":9,"column":22}},"line":9},"7":{"name":"g.<computed>","decl":{"start":{"line":9,"column":22},"end":{"line":9,"column":22}},"loc":{"start":{"line":9,"column":22},"end":{"line":9,"column":22}},"line":9},"8":{"name":"verb","decl":{"start":{"line":9,"column":22},"end":{"line":9,"column":22}},"loc":{"start":{"line":9,"column":22},"end":{"line":9,"column":22}},"line":9},"9":{"name":"step","decl":{"start":{"line":9,"column":22},"end":{"line":9,"column":22}},"loc":{"start":{"line":9,"column":22},"end":{"line":9,"column":22}},"line":9},"10":{"name":"__importDefault","decl":{"start":{"line":9,"column":22},"end":{"line":9,"column":22}},"loc":{"start":{"line":9,"column":22},"end":{"line":9,"column":22}},"line":9},"11":{"name":"getAll","decl":{"start":{"line":3,"column":15},"end":{"line":7,"column":1}},"loc":{"start":{"line":3,"column":15},"end":{"line":7,"column":1}},"line":3}},"f":{"0":1,"1":0,"2":0,"3":0,"4":1,"5":1,"6":0,"7":0,"8":3,"9":1,"10":2,"11":1}}
,"/home/leonardo/trademaster/node-ts-express-knex/src/validations/config.ts": {"path":"/home/leonardo/trademaster/node-ts-express-knex/src/validations/config.ts","statementMap":{"0":{"start":{"line":1,"column":0},"end":{"line":1,"column":41}},"1":{"start":{"line":2,"column":0},"end":{"line":2,"column":58}},"2":{"start":{"line":3,"column":0},"end":{"line":3,"column":44}},"3":{"start":{"line":4,"column":0},"end":{"line":4,"column":0}},"4":{"start":{"line":5,"column":0},"end":{"line":5,"column":42}},"5":{"start":{"line":6,"column":0},"end":{"line":6,"column":69}},"6":{"start":{"line":7,"column":0},"end":{"line":7,"column":69}},"7":{"start":{"line":8,"column":0},"end":{"line":8,"column":0}},"8":{"start":{"line":9,"column":0},"end":{"line":9,"column":17}},"9":{"start":{"line":10,"column":0},"end":{"line":10,"column":13}},"10":{"start":{"line":11,"column":0},"end":{"line":11,"column":12}},"11":{"start":{"line":12,"column":0},"end":{"line":12,"column":32}},"12":{"start":{"line":13,"column":0},"end":{"line":13,"column":0}},"13":{"start":{"line":14,"column":0},"end":{"line":14,"column":60}},"14":{"start":{"line":15,"column":0},"end":{"line":15,"column":6}},"15":{"start":{"line":16,"column":0},"end":{"line":16,"column":39}},"16":{"start":{"line":17,"column":0},"end":{"line":17,"column":5}},"17":{"start":{"line":18,"column":0},"end":{"line":18,"column":4}},"18":{"start":{"line":19,"column":0},"end":{"line":19,"column":2}}},"s":{"0":1,"1":1,"2":1,"3":1,"4":1,"5":2,"6":3,"7":3,"8":3,"9":2,"10":3,"11":1,"12":1,"13":1,"14":1,"15":1,"16":1,"17":2,"18":2},"branchMap":{"0":{"type":"branch","line":19,"loc":{"start":{"line":19,"column":2},"end":{"line":19,"column":2}},"locations":[{"start":{"line":19,"column":2},"end":{"line":19,"column":2}}]},"1":{"type":"branch","line":19,"loc":{"start":{"line":19,"column":2},"end":{"line":19,"column":2}},"locations":[{"start":{"line":19,"column":2},"end":{"line":19,"column":2}}]},"2":{"type":"branch","line":19,"loc":{"start":{"line":19,"column":2},"end":{"line":19,"column":2}},"locations":[{"start":{"line":19,"column":2},"end":{"line":19,"column":2}}]},"3":{"type":"branch","line":5,"loc":{"start":{"line":5,"column":15},"end":{"line":19,"column":2}},"locations":[{"start":{"line":5,"column":15},"end":{"line":19,"column":2}}]},"4":{"type":"branch","line":6,"loc":{"start":{"line":6,"column":9},"end":{"line":18,"column":3}},"locations":[{"start":{"line":6,"column":9},"end":{"line":18,"column":3}}]},"5":{"type":"branch","line":9,"loc":{"start":{"line":9,"column":16},"end":{"line":11,"column":11}},"locations":[{"start":{"line":9,"column":16},"end":{"line":11,"column":11}}]},"6":{"type":"branch","line":11,"loc":{"start":{"line":11,"column":5},"end":{"line":17,"column":5}},"locations":[{"start":{"line":11,"column":5},"end":{"line":17,"column":5}}]},"7":{"type":"branch","line":14,"loc":{"start":{"line":14,"column":34},"end":{"line":14,"column":40}},"locations":[{"start":{"line":14,"column":34},"end":{"line":14,"column":40}}]}},"b":{"0":[2],"1":[2],"2":[0],"3":[2],"4":[3],"5":[2],"6":[1],"7":[1]},"fnMap":{"0":{"name":"__importDefault","decl":{"start":{"line":19,"column":2},"end":{"line":19,"column":2}},"loc":{"start":{"line":19,"column":2},"end":{"line":19,"column":2}},"line":19},"1":{"name":"exports.default","decl":{"start":{"line":6,"column":9},"end":{"line":18,"column":3}},"loc":{"start":{"line":6,"column":9},"end":{"line":18,"column":3}},"line":6}},"f":{"0":2,"1":3}}
,"/home/leonardo/trademaster/node-ts-express-knex/src/validations/index.ts": {"path":"/home/leonardo/trademaster/node-ts-express-knex/src/validations/index.ts","statementMap":{"0":{"start":{"line":1,"column":0},"end":{"line":1,"column":34}},"1":{"start":{"line":2,"column":0},"end":{"line":2,"column":0}},"2":{"start":{"line":3,"column":0},"end":{"line":3,"column":26}}},"s":{"0":1,"1":1,"2":1},"branchMap":{"0":{"type":"branch","line":3,"loc":{"start":{"line":3,"column":26},"end":{"line":3,"column":26}},"locations":[{"start":{"line":3,"column":26},"end":{"line":3,"column":26}}]},"1":{"type":"branch","line":3,"loc":{"start":{"line":3,"column":26},"end":{"line":3,"column":26}},"locations":[{"start":{"line":3,"column":26},"end":{"line":3,"column":26}}]},"2":{"type":"branch","line":3,"loc":{"start":{"line":3,"column":26},"end":{"line":3,"column":26}},"locations":[{"start":{"line":3,"column":26},"end":{"line":3,"column":26}}]}},"b":{"0":[2],"1":[2],"2":[0]},"fnMap":{"0":{"name":"__importDefault","decl":{"start":{"line":3,"column":26},"end":{"line":3,"column":26}},"loc":{"start":{"line":3,"column":26},"end":{"line":3,"column":26}},"line":3}},"f":{"0":2}}
,"/home/leonardo/trademaster/node-ts-express-knex/src/validations/schemas/customer.ts": {"path":"/home/leonardo/trademaster/node-ts-express-knex/src/validations/schemas/customer.ts","statementMap":{"0":{"start":{"line":1,"column":0},"end":{"line":1,"column":28}},"1":{"start":{"line":2,"column":0},"end":{"line":2,"column":0}},"2":{"start":{"line":3,"column":0},"end":{"line":3,"column":34}},"3":{"start":{"line":4,"column":0},"end":{"line":4,"column":32}},"4":{"start":{"line":5,"column":0},"end":{"line":5,"column":30}},"5":{"start":{"line":6,"column":0},"end":{"line":6,"column":3}},"6":{"start":{"line":7,"column":0},"end":{"line":7,"column":0}},"7":{"start":{"line":8,"column":0},"end":{"line":8,"column":22}}},"s":{"0":1,"1":1,"2":1,"3":1,"4":1,"5":1,"6":1,"7":1},"branchMap":{"0":{"type":"branch","line":8,"loc":{"start":{"line":8,"column":22},"end":{"line":8,"column":22}},"locations":[{"start":{"line":8,"column":22},"end":{"line":8,"column":22}}]},"1":{"type":"branch","line":8,"loc":{"start":{"line":8,"column":22},"end":{"line":8,"column":22}},"locations":[{"start":{"line":8,"column":22},"end":{"line":8,"column":22}}]},"2":{"type":"branch","line":8,"loc":{"start":{"line":8,"column":22},"end":{"line":8,"column":22}},"locations":[{"start":{"line":8,"column":22},"end":{"line":8,"column":22}}]}},"b":{"0":[2],"1":[2],"2":[0]},"fnMap":{"0":{"name":"__importDefault","decl":{"start":{"line":8,"column":22},"end":{"line":8,"column":22}},"loc":{"start":{"line":8,"column":22},"end":{"line":8,"column":22}},"line":8}},"f":{"0":2}}
,"/home/leonardo/trademaster/node-ts-express-knex/src/validations/schemas/index.ts": {"path":"/home/leonardo/trademaster/node-ts-express-knex/src/validations/schemas/index.ts","statementMap":{"0":{"start":{"line":1,"column":0},"end":{"line":1,"column":34}},"1":{"start":{"line":2,"column":0},"end":{"line":2,"column":0}},"2":{"start":{"line":3,"column":0},"end":{"line":3,"column":24}}},"s":{"0":1,"1":1,"2":1},"branchMap":{"0":{"type":"branch","line":3,"loc":{"start":{"line":3,"column":24},"end":{"line":3,"column":24}},"locations":[{"start":{"line":3,"column":24},"end":{"line":3,"column":24}}]},"1":{"type":"branch","line":3,"loc":{"start":{"line":3,"column":24},"end":{"line":3,"column":24}},"locations":[{"start":{"line":3,"column":24},"end":{"line":3,"column":24}}]},"2":{"type":"branch","line":3,"loc":{"start":{"line":3,"column":24},"end":{"line":3,"column":24}},"locations":[{"start":{"line":3,"column":24},"end":{"line":3,"column":24}}]}},"b":{"0":[2],"1":[2],"2":[0]},"fnMap":{"0":{"name":"__importDefault","decl":{"start":{"line":3,"column":24},"end":{"line":3,"column":24}},"loc":{"start":{"line":3,"column":24},"end":{"line":3,"column":24}},"line":3}},"f":{"0":2}}
}
