TN:
SF:src/common/HttpError.ts
FN:6,HttpError
FNF:1
FNH:1
FNDA:2,HttpError
DA:1,2
DA:2,2
DA:3,2
DA:4,2
DA:5,2
DA:6,2
DA:7,2
DA:8,2
DA:9,2
DA:10,2
DA:11,1
DA:12,1
LF:12
LH:12
BRDA:12,0,0,2
BRDA:1,1,0,2
BRDA:6,2,0,2
BRDA:6,3,0,1
BRF:4
BRH:4
end_of_record
TN:
SF:src/database/index.ts
FN:19,__importDefault
FN:6,Database
FNF:2
FNH:2
FNDA:2,__importDefault
FNDA:3,Database
DA:1,1
DA:2,1
DA:3,2
DA:4,2
DA:5,2
DA:6,2
DA:7,3
DA:8,3
DA:9,3
DA:10,3
DA:11,3
DA:12,3
DA:13,3
DA:14,3
DA:15,3
DA:16,3
DA:17,2
DA:18,1
DA:19,1
LF:19
LH:19
BRDA:19,0,0,2
BRDA:19,1,0,2
BRDA:19,2,0,0
BRDA:3,3,0,2
BRDA:6,4,0,3
BRF:5
BRH:4
end_of_record
TN:
SF:src/repositories/Customer.ts
FN:39,extendStatics
FN:39,extendStatics
FN:39,extendStatics
FN:39,__extends
FN:39,__
FN:39,__awaiter
FN:39,adopt
FN:39,fulfilled
FN:39,rejected
FN:39,step
FN:39,__generator
FN:39,sent
FN:39,g.<computed>
FN:39,verb
FN:39,step
FN:39,__importDefault
FN:9,Customer
FN:15,Customer.create
FN:24,Customer.getAll
FN:31,Customer.getByEmail
FNF:20
FNH:16
FNDA:2,extendStatics
FNDA:0,extendStatics
FNDA:0,extendStatics
FNDA:2,__extends
FNDA:2,__
FNDA:4,__awaiter
FNDA:4,adopt
FNDA:4,fulfilled
FNDA:0,rejected
FNDA:8,step
FNDA:4,__generator
FNDA:4,sent
FNDA:0,g.<computed>
FNDA:12,verb
FNDA:8,step
FNDA:2,__importDefault
FNDA:3,Customer
FNDA:1,Customer.create
FNDA:1,Customer.getAll
FNDA:2,Customer.getByEmail
DA:1,1
DA:2,1
DA:3,1
DA:4,2
DA:5,2
DA:6,2
DA:7,2
DA:8,2
DA:9,2
DA:10,3
DA:11,3
DA:12,3
DA:13,3
DA:14,2
DA:15,2
DA:16,1
DA:17,1
DA:18,1
DA:19,1
DA:20,1
DA:21,1
DA:22,1
DA:23,2
DA:24,2
DA:25,1
DA:26,1
DA:27,1
DA:28,1
DA:29,1
DA:30,2
DA:31,2
DA:32,2
DA:33,2
DA:34,2
DA:35,2
DA:36,2
DA:37,2
DA:38,1
DA:39,1
LF:39
LH:39
BRDA:39,0,0,2
BRDA:39,1,0,2
BRDA:39,2,0,2
BRDA:39,3,0,0
BRDA:39,4,0,0
BRDA:39,5,0,2
BRDA:39,6,0,0
BRDA:39,7,0,2
BRDA:39,8,0,4
BRDA:39,9,0,4
BRDA:39,10,0,0
BRDA:39,11,0,4
BRDA:39,12,0,4
BRDA:39,13,0,4
BRDA:39,14,0,0
BRDA:39,15,0,8
BRDA:39,16,0,4
BRDA:39,17,0,4
BRDA:39,18,0,4
BRDA:39,19,0,4
BRDA:39,20,0,0
BRDA:39,21,0,12
BRDA:39,22,0,8
BRDA:39,23,0,8
BRDA:39,24,0,0
BRDA:39,25,0,16
BRDA:39,26,0,0
BRDA:39,27,0,0
BRDA:39,28,0,0
BRDA:39,29,0,0
BRDA:39,30,0,8
BRDA:39,31,0,8
BRDA:39,32,0,4
BRDA:39,33,0,0
BRDA:39,34,0,0
BRDA:39,35,0,4
BRDA:39,36,0,0
BRDA:39,37,0,0
BRDA:39,38,0,0
BRDA:39,39,0,0
BRDA:39,40,0,0
BRDA:39,41,0,8
BRDA:39,42,0,0
BRDA:39,43,0,8
BRDA:39,44,0,4
BRDA:39,45,0,0
BRDA:39,46,0,4
BRDA:39,47,0,0
BRDA:39,48,0,2
BRDA:39,49,0,0
BRDA:4,50,0,2
BRDA:9,51,0,3
BRDA:15,52,0,1
BRDA:39,53,0,1
BRDA:39,54,0,2
BRDA:39,55,0,1
BRDA:39,56,0,1
BRDA:24,57,0,1
BRDA:39,58,0,1
BRDA:39,59,0,2
BRDA:39,60,0,1
BRDA:39,61,0,1
BRDA:31,62,0,2
BRDA:39,63,0,2
BRDA:39,64,0,4
BRDA:39,65,0,2
BRDA:39,66,0,2
BRF:67
BRH:45
end_of_record
TN:
SF:src/server/errorHandler.ts
FN:19,__importDefault
FNF:1
FNH:1
FNDA:2,__importDefault
DA:1,1
DA:2,1
DA:3,1
DA:4,1
DA:5,2
DA:6,2
DA:7,2
DA:8,2
DA:9,2
DA:10,2
DA:11,0
DA:12,0
DA:13,0
DA:14,0
DA:15,0
DA:16,0
DA:17,0
DA:18,0
DA:19,0
LF:19
LH:10
BRDA:19,0,0,2
BRDA:19,1,0,2
BRDA:19,2,0,0
BRDA:4,3,0,2
BRDA:10,4,0,0
BRF:5
BRH:3
end_of_record
TN:
SF:src/server/handlers.ts
FN:15,__awaiter
FN:15,adopt
FN:15,fulfilled
FN:15,rejected
FN:15,step
FN:15,__generator
FN:15,sent
FN:15,g.<computed>
FN:15,verb
FN:15,step
FN:15,__importDefault
FN:5,getCustomers
FN:10,createCustomer
FNF:13
FNH:12
FNDA:3,__awaiter
FNDA:3,adopt
FNDA:2,fulfilled
FNDA:1,rejected
FNDA:5,step
FNDA:3,__generator
FNDA:3,sent
FNDA:0,g.<computed>
FNDA:9,verb
FNDA:6,step
FNDA:4,__importDefault
FNDA:1,getCustomers
FNDA:2,createCustomer
DA:1,1
DA:2,1
DA:3,1
DA:4,1
DA:5,1
DA:6,1
DA:7,1
DA:8,1
DA:9,1
DA:10,1
DA:11,2
DA:12,2
DA:13,2
DA:14,1
DA:15,1
LF:15
LH:15
BRDA:15,0,0,2
BRDA:15,1,0,3
BRDA:15,2,0,3
BRDA:15,3,0,0
BRDA:15,4,0,3
BRDA:15,5,0,2
BRDA:15,6,0,0
BRDA:15,7,0,1
BRDA:15,8,0,0
BRDA:15,9,0,5
BRDA:15,10,0,2
BRDA:15,11,0,3
BRDA:15,12,0,3
BRDA:15,13,0,3
BRDA:15,14,0,2
BRDA:15,15,0,1
BRDA:15,16,0,9
BRDA:15,17,0,6
BRDA:15,18,0,6
BRDA:15,19,0,0
BRDA:15,20,0,12
BRDA:15,21,0,0
BRDA:15,22,0,0
BRDA:15,23,0,0
BRDA:15,24,0,0
BRDA:15,25,0,5
BRDA:15,26,0,6
BRDA:15,27,0,3
BRDA:15,28,0,0
BRDA:15,29,0,0
BRDA:15,30,0,3
BRDA:15,31,0,0
BRDA:15,32,0,2
BRDA:15,33,0,0
BRDA:15,34,0,0
BRDA:15,35,0,0
BRDA:15,36,0,0
BRDA:15,37,0,10
BRDA:15,38,0,6
BRDA:15,39,0,5
BRDA:15,40,0,1
BRDA:15,41,0,6
BRDA:15,42,0,3
BRDA:15,43,0,1
BRDA:15,44,0,2
BRDA:15,45,0,0
BRDA:15,46,0,4
BRDA:15,47,0,0
BRDA:5,48,0,1
BRDA:5,49,0,1
BRDA:15,50,0,2
BRDA:6,51,0,1
BRDA:15,52,0,1
BRDA:10,53,0,2
BRDA:10,54,0,2
BRDA:15,55,0,4
BRDA:11,56,0,2
BRDA:15,57,0,2
BRF:58
BRH:41
end_of_record
TN:
SF:src/server/index.ts
FN:26,__importDefault
FN:10,Server
FN:18,Server.start
FNF:3
FNH:2
FNDA:8,__importDefault
FNDA:2,Server
FNDA:0,Server.start
DA:1,1
DA:2,1
DA:3,1
DA:4,1
DA:5,1
DA:6,1
DA:7,2
DA:8,2
DA:9,2
DA:10,2
DA:11,2
DA:12,2
DA:13,2
DA:14,2
DA:15,2
DA:16,2
DA:17,2
DA:18,2
DA:19,0
DA:20,0
DA:21,0
DA:22,0
DA:23,0
DA:24,2
DA:25,1
DA:26,1
LF:26
LH:21
BRDA:26,0,0,2
BRDA:26,1,0,8
BRDA:26,2,0,4
BRDA:26,3,0,4
BRDA:7,4,0,2
BRDA:10,5,0,2
BRF:6
BRH:6
end_of_record
TN:
SF:src/server/routes.ts
FN:12,__importDefault
FNF:1
FNH:1
FNDA:4,__importDefault
DA:1,1
DA:2,1
DA:3,1
DA:4,1
DA:5,1
DA:6,1
DA:7,1
DA:8,1
DA:9,1
DA:10,1
DA:11,1
DA:12,1
LF:12
LH:12
BRDA:12,0,0,2
BRDA:12,1,0,4
BRDA:12,2,0,0
BRF:3
BRH:2
end_of_record
TN:
SF:src/services/create.ts
FN:17,__awaiter
FN:17,adopt
FN:17,fulfilled
FN:17,rejected
FN:17,step
FN:17,__generator
FN:17,sent
FN:17,g.<computed>
FN:17,verb
FN:17,step
FN:17,__importDefault
FN:5,createCustomer
FNF:12
FNH:10
FNDA:2,__awaiter
FNDA:2,adopt
FNDA:2,fulfilled
FNDA:0,rejected
FNDA:3,step
FNDA:2,__generator
FNDA:2,sent
FNDA:0,g.<computed>
FNDA:6,verb
FNDA:4,step
FNDA:4,__importDefault
FNDA:2,createCustomer
DA:1,1
DA:2,1
DA:3,1
DA:4,1
DA:5,1
DA:6,2
DA:7,2
DA:8,2
DA:9,2
DA:10,2
DA:11,1
DA:12,1
DA:13,1
DA:14,1
DA:15,2
DA:16,1
DA:17,1
LF:17
LH:17
BRDA:17,0,0,2
BRDA:17,1,0,2
BRDA:17,2,0,2
BRDA:17,3,0,0
BRDA:17,4,0,2
BRDA:17,5,0,2
BRDA:17,6,0,1
BRDA:17,7,0,3
BRDA:17,8,0,1
BRDA:17,9,0,2
BRDA:17,10,0,2
BRDA:17,11,0,2
BRDA:17,12,0,0
BRDA:17,13,0,6
BRDA:17,14,0,4
BRDA:17,15,0,4
BRDA:17,16,0,0
BRDA:17,17,0,8
BRDA:17,18,0,0
BRDA:17,19,0,0
BRDA:17,20,0,0
BRDA:17,21,0,0
BRDA:17,22,0,4
BRDA:17,23,0,4
BRDA:17,24,0,2
BRDA:17,25,0,0
BRDA:17,26,0,0
BRDA:17,27,0,2
BRDA:17,28,0,0
BRDA:17,29,0,1
BRDA:17,30,0,0
BRDA:17,31,0,0
BRDA:17,32,0,0
BRDA:17,33,0,0
BRDA:17,34,0,4
BRDA:17,35,0,3
BRDA:17,36,0,1
BRDA:17,37,0,4
BRDA:17,38,0,2
BRDA:17,39,0,1
BRDA:17,40,0,0
BRDA:17,41,0,4
BRDA:17,42,0,0
BRDA:5,43,0,2
BRDA:5,44,0,2
BRDA:17,45,0,4
BRDA:17,46,0,2
BRDA:17,47,0,2
BRDA:10,48,0,1
BRF:49
BRH:33
end_of_record
TN:
SF:src/services/getAll.ts
FN:9,__awaiter
FN:9,adopt
FN:9,fulfilled
FN:9,rejected
FN:9,step
FN:9,__generator
FN:9,sent
FN:9,g.<computed>
FN:9,verb
FN:9,step
FN:9,__importDefault
FN:3,getAll
FNF:12
FNH:7
FNDA:1,__awaiter
FNDA:0,adopt
FNDA:0,fulfilled
FNDA:0,rejected
FNDA:1,step
FNDA:1,__generator
FNDA:0,sent
FNDA:0,g.<computed>
FNDA:3,verb
FNDA:1,step
FNDA:2,__importDefault
FNDA:1,getAll
DA:1,1
DA:2,1
DA:3,1
DA:4,1
DA:5,1
DA:6,1
DA:7,1
DA:8,1
DA:9,1
LF:9
LH:9
BRDA:9,0,0,2
BRDA:9,1,0,1
BRDA:9,2,0,1
BRDA:9,3,0,1
BRDA:9,4,0,0
BRDA:9,5,0,1
BRDA:9,6,0,3
BRDA:9,7,0,1
BRDA:9,8,0,1
BRDA:9,9,0,0
BRDA:9,10,0,2
BRDA:9,11,0,0
BRDA:9,12,0,0
BRDA:9,13,0,0
BRDA:9,14,0,0
BRDA:9,15,0,1
BRDA:9,16,0,1
BRDA:9,17,0,0
BRDA:9,18,0,0
BRDA:9,19,0,0
BRDA:9,20,0,1
BRDA:9,21,0,0
BRDA:9,22,0,0
BRDA:9,23,0,0
BRDA:9,24,0,0
BRDA:9,25,0,0
BRDA:9,26,0,1
BRDA:9,27,0,0
BRDA:9,28,0,1
BRDA:9,29,0,0
BRDA:9,30,0,0
BRDA:9,31,0,2
BRDA:9,32,0,0
BRDA:3,33,0,1
BRDA:3,34,0,1
BRDA:9,35,0,1
BRF:36
BRH:18
end_of_record
TN:
SF:src/validations/config.ts
FN:19,__importDefault
FN:6,exports.default
FNF:2
FNH:2
FNDA:2,__importDefault
FNDA:3,exports.default
DA:1,1
DA:2,1
DA:3,1
DA:4,1
DA:5,1
DA:6,2
DA:7,3
DA:8,3
DA:9,3
DA:10,2
DA:11,3
DA:12,1
DA:13,1
DA:14,1
DA:15,1
DA:16,1
DA:17,1
DA:18,2
DA:19,2
LF:19
LH:19
BRDA:19,0,0,2
BRDA:19,1,0,2
BRDA:19,2,0,0
BRDA:5,3,0,2
BRDA:6,4,0,3
BRDA:9,5,0,2
BRDA:11,6,0,1
BRDA:14,7,0,1
BRF:8
BRH:7
end_of_record
TN:
SF:src/validations/index.ts
FN:3,__importDefault
FNF:1
FNH:1
FNDA:2,__importDefault
DA:1,1
DA:2,1
DA:3,1
LF:3
LH:3
BRDA:3,0,0,2
BRDA:3,1,0,2
BRDA:3,2,0,0
BRF:3
BRH:2
end_of_record
TN:
SF:src/validations/schemas/customer.ts
FN:8,__importDefault
FNF:1
FNH:1
FNDA:2,__importDefault
DA:1,1
DA:2,1
DA:3,1
DA:4,1
DA:5,1
DA:6,1
DA:7,1
DA:8,1
LF:8
LH:8
BRDA:8,0,0,2
BRDA:8,1,0,2
BRDA:8,2,0,0
BRF:3
BRH:2
end_of_record
TN:
SF:src/validations/schemas/index.ts
FN:3,__importDefault
FNF:1
FNH:1
FNDA:2,__importDefault
DA:1,1
DA:2,1
DA:3,1
LF:3
LH:3
BRDA:3,0,0,2
BRDA:3,1,0,2
BRDA:3,2,0,0
BRF:3
BRH:2
end_of_record
